{"/home/travis/build/npmtest/node-npmtest-ipaddr.js/test.js":{"path":"/home/travis/build/npmtest/node-npmtest-ipaddr.js/test.js","s":{"1":2,"2":2,"3":2,"4":2,"5":2,"6":2,"7":2,"8":1,"9":2,"10":2,"11":1,"12":1,"13":1,"14":1,"15":2,"16":2,"17":2,"18":2,"19":1,"20":1,"21":2,"22":2,"23":2,"24":1,"25":1,"26":1,"27":1,"28":1,"29":1,"30":1,"31":1,"32":1,"33":1,"34":1,"35":1,"36":1,"37":1,"38":1,"39":2,"40":2,"41":1,"42":2,"43":2,"44":1,"45":2,"46":2,"47":1,"48":2,"49":2,"50":1,"51":1,"52":1,"53":1,"54":1},"b":{"1":[2,1,1,1],"2":[1,1,1,1],"3":[1,1],"4":[1,1],"5":[1,1],"6":[1,1],"7":[1,1],"8":[1,1],"9":[1,1],"10":[1,1,1],"11":[1,1],"12":[1,1],"13":[1,1],"14":[1,1],"15":[1,1],"16":[1,1],"17":[1,1]},"f":{"1":2,"2":2,"3":2,"4":2,"5":2,"6":1,"7":1,"8":1,"9":2,"10":2,"11":2,"12":2,"13":1},"fnMap":{"1":{"name":"(anonymous_1)","line":12,"loc":{"start":{"line":12,"column":1},"end":{"line":12,"column":13}}},"2":{"name":"(anonymous_2)","line":19,"loc":{"start":{"line":19,"column":5},"end":{"line":19,"column":17}}},"3":{"name":"(anonymous_3)","line":23,"loc":{"start":{"line":23,"column":24},"end":{"line":23,"column":36}}},"4":{"name":"(anonymous_4)","line":61,"loc":{"start":{"line":61,"column":5},"end":{"line":61,"column":17}}},"5":{"name":"(anonymous_5)","line":82,"loc":{"start":{"line":82,"column":5},"end":{"line":82,"column":17}}},"6":{"name":"(anonymous_6)","line":91,"loc":{"start":{"line":91,"column":77},"end":{"line":94,"column":10}}},"7":{"name":"(anonymous_7)","line":112,"loc":{"start":{"line":112,"column":83},"end":{"line":115,"column":10}},"skip":true},"8":{"name":"(anonymous_8)","line":123,"loc":{"start":{"line":123,"column":77},"end":{"line":126,"column":10}},"skip":true},"9":{"name":"(anonymous_9)","line":139,"loc":{"start":{"line":139,"column":12},"end":{"line":139,"column":40}},"skip":true},"10":{"name":"(anonymous_10)","line":147,"loc":{"start":{"line":147,"column":77},"end":{"line":150,"column":10}},"skip":true},"11":{"name":"(anonymous_11)","line":158,"loc":{"start":{"line":158,"column":83},"end":{"line":161,"column":10}},"skip":true},"12":{"name":"(anonymous_12)","line":169,"loc":{"start":{"line":169,"column":79},"end":{"line":172,"column":10}},"skip":true},"13":{"name":"(anonymous_13)","line":180,"loc":{"start":{"line":180,"column":75},"end":{"line":183,"column":10}},"skip":true}},"statementMap":{"1":{"start":{"line":12,"column":0},"end":{"line":195,"column":5}},"2":{"start":{"line":14,"column":4},"end":{"line":14,"column":14}},"3":{"start":{"line":19,"column":4},"end":{"line":56,"column":9}},"4":{"start":{"line":21,"column":8},"end":{"line":21,"column":19}},"5":{"start":{"line":23,"column":8},"end":{"line":35,"column":13}},"6":{"start":{"line":24,"column":12},"end":{"line":34,"column":13}},"7":{"start":{"line":25,"column":16},"end":{"line":28,"column":30}},"8":{"start":{"line":30,"column":16},"end":{"line":33,"column":27}},"9":{"start":{"line":37,"column":8},"end":{"line":39,"column":21}},"10":{"start":{"line":40,"column":8},"end":{"line":53,"column":9}},"11":{"start":{"line":43,"column":12},"end":{"line":46,"column":14}},"12":{"start":{"line":47,"column":12},"end":{"line":47,"column":18}},"13":{"start":{"line":50,"column":12},"end":{"line":51,"column":33}},"14":{"start":{"line":52,"column":12},"end":{"line":52,"column":18}},"15":{"start":{"line":55,"column":8},"end":{"line":55,"column":35}},"16":{"start":{"line":61,"column":4},"end":{"line":63,"column":9}},"17":{"start":{"line":62,"column":8},"end":{"line":62,"column":15}},"18":{"start":{"line":64,"column":4},"end":{"line":77,"column":5}},"19":{"start":{"line":70,"column":8},"end":{"line":70,"column":14}},"20":{"start":{"line":76,"column":8},"end":{"line":76,"column":14}},"21":{"start":{"line":82,"column":4},"end":{"line":84,"column":9}},"22":{"start":{"line":83,"column":8},"end":{"line":83,"column":15}},"23":{"start":{"line":85,"column":4},"end":{"line":194,"column":5}},"24":{"start":{"line":91,"column":8},"end":{"line":99,"column":10}},"25":{"start":{"line":98,"column":12},"end":{"line":98,"column":35}},"26":{"start":{"line":102,"column":8},"end":{"line":104,"column":63}},"27":{"start":{"line":105,"column":8},"end":{"line":105,"column":14}},"28":{"start":{"line":112,"column":8},"end":{"line":121,"column":10},"skip":true},"29":{"start":{"line":119,"column":12},"end":{"line":119,"column":55},"skip":true},"30":{"start":{"line":120,"column":12},"end":{"line":120,"column":48},"skip":true},"31":{"start":{"line":123,"column":8},"end":{"line":136,"column":10},"skip":true},"32":{"start":{"line":130,"column":12},"end":{"line":130,"column":76},"skip":true},"33":{"start":{"line":131,"column":12},"end":{"line":131,"column":73},"skip":true},"34":{"start":{"line":132,"column":12},"end":{"line":132,"column":74},"skip":true},"35":{"start":{"line":133,"column":12},"end":{"line":133,"column":79},"skip":true},"36":{"start":{"line":134,"column":12},"end":{"line":134,"column":25},"skip":true},"37":{"start":{"line":135,"column":12},"end":{"line":135,"column":45},"skip":true},"38":{"start":{"line":138,"column":8},"end":{"line":145,"column":14},"skip":true},"39":{"start":{"line":143,"column":16},"end":{"line":143,"column":29},"skip":true},"40":{"start":{"line":144,"column":16},"end":{"line":144,"column":55},"skip":true},"41":{"start":{"line":147,"column":8},"end":{"line":156,"column":10},"skip":true},"42":{"start":{"line":154,"column":12},"end":{"line":154,"column":25},"skip":true},"43":{"start":{"line":155,"column":12},"end":{"line":155,"column":45},"skip":true},"44":{"start":{"line":158,"column":8},"end":{"line":167,"column":10},"skip":true},"45":{"start":{"line":165,"column":12},"end":{"line":165,"column":25},"skip":true},"46":{"start":{"line":166,"column":12},"end":{"line":166,"column":48},"skip":true},"47":{"start":{"line":169,"column":8},"end":{"line":178,"column":10},"skip":true},"48":{"start":{"line":176,"column":12},"end":{"line":176,"column":25},"skip":true},"49":{"start":{"line":177,"column":12},"end":{"line":177,"column":46},"skip":true},"50":{"start":{"line":180,"column":8},"end":{"line":189,"column":10},"skip":true},"51":{"start":{"line":187,"column":12},"end":{"line":187,"column":94},"skip":true},"52":{"start":{"line":188,"column":12},"end":{"line":188,"column":48},"skip":true},"53":{"start":{"line":192,"column":8},"end":{"line":192,"column":35},"skip":true},"54":{"start":{"line":193,"column":8},"end":{"line":193,"column":14},"skip":true}},"branchMap":{"1":{"line":25,"type":"binary-expr","locations":[{"start":{"line":25,"column":23},"end":{"line":25,"column":62}},{"start":{"line":26,"column":20},"end":{"line":26,"column":70}},{"start":{"line":27,"column":20},"end":{"line":27,"column":71}},{"start":{"line":28,"column":20},"end":{"line":28,"column":29}}]},"2":{"line":30,"type":"binary-expr","locations":[{"start":{"line":30,"column":23},"end":{"line":30,"column":37}},{"start":{"line":31,"column":20},"end":{"line":31,"column":61}},{"start":{"line":32,"column":20},"end":{"line":32,"column":70}},{"start":{"line":33,"column":20},"end":{"line":33,"column":26}}]},"3":{"line":37,"type":"cond-expr","locations":[{"start":{"line":38,"column":14},"end":{"line":38,"column":20}},{"start":{"line":39,"column":14},"end":{"line":39,"column":20}}]},"4":{"line":40,"type":"switch","locations":[{"start":{"line":42,"column":8},"end":{"line":47,"column":18}},{"start":{"line":49,"column":8},"end":{"line":52,"column":18}}]},"5":{"line":44,"type":"binary-expr","locations":[{"start":{"line":44,"column":16},"end":{"line":44,"column":44}},{"start":{"line":44,"column":48},"end":{"line":44,"column":66}}]},"6":{"line":50,"type":"binary-expr","locations":[{"start":{"line":50,"column":21},"end":{"line":50,"column":49}},{"start":{"line":50,"column":53},"end":{"line":50,"column":72}}]},"7":{"line":64,"type":"switch","locations":[{"start":{"line":69,"column":4},"end":{"line":70,"column":14}},{"start":{"line":75,"column":4},"end":{"line":76,"column":14}}]},"8":{"line":85,"type":"switch","locations":[{"start":{"line":90,"column":4},"end":{"line":105,"column":14}},{"start":{"line":111,"column":4},"end":{"line":193,"column":14},"skip":true}]},"9":{"line":91,"type":"binary-expr","locations":[{"start":{"line":91,"column":42},"end":{"line":91,"column":73}},{"start":{"line":91,"column":77},"end":{"line":99,"column":9}}]},"10":{"line":102,"type":"binary-expr","locations":[{"start":{"line":102,"column":18},"end":{"line":102,"column":32}},{"start":{"line":103,"column":12},"end":{"line":103,"column":53}},{"start":{"line":104,"column":12},"end":{"line":104,"column":61}}]},"11":{"line":112,"type":"binary-expr","locations":[{"start":{"line":112,"column":45},"end":{"line":112,"column":79},"skip":true},{"start":{"line":112,"column":83},"end":{"line":121,"column":9},"skip":true}]},"12":{"line":123,"type":"binary-expr","locations":[{"start":{"line":123,"column":42},"end":{"line":123,"column":73},"skip":true},{"start":{"line":123,"column":77},"end":{"line":136,"column":9},"skip":true}]},"13":{"line":138,"type":"binary-expr","locations":[{"start":{"line":138,"column":48},"end":{"line":138,"column":85},"skip":true},{"start":{"line":139,"column":12},"end":{"line":145,"column":13},"skip":true}]},"14":{"line":147,"type":"binary-expr","locations":[{"start":{"line":147,"column":42},"end":{"line":147,"column":73},"skip":true},{"start":{"line":147,"column":77},"end":{"line":156,"column":9},"skip":true}]},"15":{"line":158,"type":"binary-expr","locations":[{"start":{"line":158,"column":45},"end":{"line":158,"column":79},"skip":true},{"start":{"line":158,"column":83},"end":{"line":167,"column":9},"skip":true}]},"16":{"line":169,"type":"binary-expr","locations":[{"start":{"line":169,"column":43},"end":{"line":169,"column":75},"skip":true},{"start":{"line":169,"column":79},"end":{"line":178,"column":9},"skip":true}]},"17":{"line":180,"type":"binary-expr","locations":[{"start":{"line":180,"column":41},"end":{"line":180,"column":71},"skip":true},{"start":{"line":180,"column":75},"end":{"line":189,"column":9},"skip":true}]}},"code":["/* istanbul instrument in package npmtest_ipaddr_js */","/*jslint","    bitwise: true,","    browser: true,","    maxerr: 8,","    maxlen: 96,","    node: true,","    nomen: true,","    regexp: true,","    stupid: true","*/","(function () {","    'use strict';","    var local;","","","","    // run shared js-env code - init-before","    (function () {","        // init local","        local = {};","        // init modeJs","        local.modeJs = (function () {","            try {","                return typeof navigator.userAgent === 'string' &&","                    typeof document.querySelector('body') === 'object' &&","                    typeof XMLHttpRequest.prototype.open === 'function' &&","                    'browser';","            } catch (errorCaughtBrowser) {","                return module.exports &&","                    typeof process.versions.node === 'string' &&","                    typeof require('http').createServer === 'function' &&","                    'node';","            }","        }());","        // init global","        local.global = local.modeJs === 'browser'","            ? window","            : global;","        switch (local.modeJs) {","        // re-init local from window.local","        case 'browser':","            local = local.global.utility2.objectSetDefault(","                local.global.utility2_rollup || local.global.local,","                local.global.utility2","            );","            break;","        // re-init local from example.js","        case 'node':","            local = (local.global.utility2_rollup || require('utility2'))","                .requireReadme();","            break;","        }","        // export local","        local.global.local = local;","    }());","","","","    // run shared js-env code - function","    (function () {","        return;","    }());","    switch (local.modeJs) {","","","","    // run browser js-env code - function","    case 'browser':","        break;","","","","    // run node js-env code - function","    case 'node':","        break;","    }","","","","    // run shared js-env code - init-after","    (function () {","        return;","    }());","    switch (local.modeJs) {","","","","    // run browser js-env code - init-after","    case 'browser':","        local.testCase_browser_nullCase = local.testCase_browser_nullCase || function (","            options,","            onError","        ) {","        /*","         * this function will test browsers's null-case handling-behavior-behavior","         */","            onError(null, options);","        };","","        // run tests","        local.nop(local.modeTest &&","            document.querySelector('#testRunButton1') &&","            document.querySelector('#testRunButton1').click());","        break;","","","","    // run node js-env code - init-after","    /* istanbul ignore next */","    case 'node':","        local.testCase_buildApidoc_default = local.testCase_buildApidoc_default || function (","            options,","            onError","        ) {","        /*","         * this function will test buildApidoc's default handling-behavior-behavior","         */","            options = { modulePathList: module.paths };","            local.buildApidoc(options, onError);","        };","","        local.testCase_buildApp_default = local.testCase_buildApp_default || function (","            options,","            onError","        ) {","        /*","         * this function will test buildApp's default handling-behavior-behavior","         */","            local.testCase_buildReadme_default(options, local.onErrorThrow);","            local.testCase_buildLib_default(options, local.onErrorThrow);","            local.testCase_buildTest_default(options, local.onErrorThrow);","            local.testCase_buildCustomOrg_default(options, local.onErrorThrow);","            options = [];","            local.buildApp(options, onError);","        };","","        local.testCase_buildCustomOrg_default = local.testCase_buildCustomOrg_default ||","            function (options, onError) {","            /*","             * this function will test buildCustomOrg's default handling-behavior","             */","                options = {};","                local.buildCustomOrg(options, onError);","            };","","        local.testCase_buildLib_default = local.testCase_buildLib_default || function (","            options,","            onError","        ) {","        /*","         * this function will test buildLib's default handling-behavior","         */","            options = {};","            local.buildLib(options, onError);","        };","","        local.testCase_buildReadme_default = local.testCase_buildReadme_default || function (","            options,","            onError","        ) {","        /*","         * this function will test buildReadme's default handling-behavior-behavior","         */","            options = {};","            local.buildReadme(options, onError);","        };","","        local.testCase_buildTest_default = local.testCase_buildTest_default || function (","            options,","            onError","        ) {","        /*","         * this function will test buildTest's default handling-behavior","         */","            options = {};","            local.buildTest(options, onError);","        };","","        local.testCase_webpage_default = local.testCase_webpage_default || function (","            options,","            onError","        ) {","        /*","         * this function will test webpage's default handling-behavior","         */","            options = { modeCoverageMerge: true, url: local.serverLocalHost + '?modeTest=1' };","            local.browserTest(options, onError);","        };","","        // run test-server","        local.testRunServer(local);","        break;","    }","}());",""],"l":{"12":2,"14":2,"19":2,"21":2,"23":2,"24":2,"25":2,"30":1,"37":2,"40":2,"43":1,"47":1,"50":1,"52":1,"55":2,"61":2,"62":2,"64":2,"70":1,"76":1,"82":2,"83":2,"85":2,"91":1,"98":1,"102":1,"105":1,"112":1,"119":1,"120":1,"123":1,"130":1,"131":1,"132":1,"133":1,"134":1,"135":1,"138":1,"143":2,"144":2,"147":1,"154":2,"155":2,"158":1,"165":2,"166":2,"169":1,"176":2,"177":2,"180":1,"187":1,"188":1,"192":1,"193":1}},"/home/travis/build/npmtest/node-npmtest-ipaddr.js/lib.npmtest_ipaddr.js.js":{"path":"/home/travis/build/npmtest/node-npmtest-ipaddr.js/lib.npmtest_ipaddr.js.js","s":{"1":2,"2":2,"3":2,"4":2,"5":2,"6":2,"7":2,"8":1,"9":2,"10":2,"11":2,"12":2,"13":1,"14":1,"15":1,"16":1},"b":{"1":[2,1,1,1],"2":[1,1,1,1],"3":[1,1],"4":[2,2],"5":[1,1]},"f":{"1":2,"2":2,"3":2},"fnMap":{"1":{"name":"(anonymous_1)","line":12,"loc":{"start":{"line":12,"column":1},"end":{"line":12,"column":13}}},"2":{"name":"(anonymous_2)","line":19,"loc":{"start":{"line":19,"column":5},"end":{"line":19,"column":17}}},"3":{"name":"(anonymous_3)","line":23,"loc":{"start":{"line":23,"column":24},"end":{"line":23,"column":36}}}},"statementMap":{"1":{"start":{"line":12,"column":0},"end":{"line":53,"column":5}},"2":{"start":{"line":14,"column":4},"end":{"line":14,"column":14}},"3":{"start":{"line":19,"column":4},"end":{"line":52,"column":9}},"4":{"start":{"line":21,"column":8},"end":{"line":21,"column":19}},"5":{"start":{"line":23,"column":8},"end":{"line":35,"column":13}},"6":{"start":{"line":24,"column":12},"end":{"line":34,"column":13}},"7":{"start":{"line":25,"column":16},"end":{"line":28,"column":30}},"8":{"start":{"line":30,"column":16},"end":{"line":33,"column":27}},"9":{"start":{"line":37,"column":8},"end":{"line":39,"column":21}},"10":{"start":{"line":41,"column":8},"end":{"line":41,"column":54}},"11":{"start":{"line":43,"column":8},"end":{"line":43,"column":54}},"12":{"start":{"line":45,"column":8},"end":{"line":51,"column":9}},"13":{"start":{"line":46,"column":12},"end":{"line":46,"column":60}},"14":{"start":{"line":48,"column":12},"end":{"line":48,"column":35}},"15":{"start":{"line":49,"column":12},"end":{"line":49,"column":49}},"16":{"start":{"line":50,"column":12},"end":{"line":50,"column":43}}},"branchMap":{"1":{"line":25,"type":"binary-expr","locations":[{"start":{"line":25,"column":23},"end":{"line":25,"column":62}},{"start":{"line":26,"column":20},"end":{"line":26,"column":70}},{"start":{"line":27,"column":20},"end":{"line":27,"column":71}},{"start":{"line":28,"column":20},"end":{"line":28,"column":29}}]},"2":{"line":30,"type":"binary-expr","locations":[{"start":{"line":30,"column":23},"end":{"line":30,"column":37}},{"start":{"line":31,"column":20},"end":{"line":31,"column":61}},{"start":{"line":32,"column":20},"end":{"line":32,"column":70}},{"start":{"line":33,"column":20},"end":{"line":33,"column":26}}]},"3":{"line":37,"type":"cond-expr","locations":[{"start":{"line":38,"column":14},"end":{"line":38,"column":20}},{"start":{"line":39,"column":14},"end":{"line":39,"column":20}}]},"4":{"line":41,"type":"binary-expr","locations":[{"start":{"line":41,"column":16},"end":{"line":41,"column":44}},{"start":{"line":41,"column":48},"end":{"line":41,"column":53}}]},"5":{"line":45,"type":"if","locations":[{"start":{"line":45,"column":8},"end":{"line":45,"column":8}},{"start":{"line":45,"column":8},"end":{"line":45,"column":8}}]}},"code":["/* istanbul instrument in package npmtest_ipaddr_js */","/*jslint","    bitwise: true,","    browser: true,","    maxerr: 8,","    maxlen: 96,","    node: true,","    nomen: true,","    regexp: true,","    stupid: true","*/","(function () {","    'use strict';","    var local;","","","","    // run shared js-env code - pre-init","    (function () {","        // init local","        local = {};","        // init modeJs","        local.modeJs = (function () {","            try {","                return typeof navigator.userAgent === 'string' &&","                    typeof document.querySelector('body') === 'object' &&","                    typeof XMLHttpRequest.prototype.open === 'function' &&","                    'browser';","            } catch (errorCaughtBrowser) {","                return module.exports &&","                    typeof process.versions.node === 'string' &&","                    typeof require('http').createServer === 'function' &&","                    'node';","            }","        }());","        // init global","        local.global = local.modeJs === 'browser'","            ? window","            : global;","        // init utility2_rollup","        local = local.global.utility2_rollup || local;","        // init lib","        local.local = local.npmtest_ipaddr_js = local;","        // init exports","        if (local.modeJs === 'browser') {","            local.global.utility2_npmtest_ipaddr_js = local;","        } else {","            module.exports = local;","            module.exports.__dirname = __dirname;","            module.exports.module = module;","        }","    }());","}());",""],"l":{"12":2,"14":2,"19":2,"21":2,"23":2,"24":2,"25":2,"30":1,"37":2,"41":2,"43":2,"45":2,"46":1,"48":1,"49":1,"50":1}},"/home/travis/build/npmtest/node-npmtest-ipaddr.js/example.js":{"path":"/home/travis/build/npmtest/node-npmtest-ipaddr.js/example.js","s":{"1":2,"2":2,"3":2,"4":2,"5":2,"6":2,"7":2,"8":1,"9":2,"10":2,"11":2,"12":2,"13":1,"14":2,"15":2,"16":2,"17":2,"18":2,"19":0,"20":2,"21":1,"22":1,"23":1,"24":1,"25":1,"26":0,"27":0,"28":1,"29":1,"30":2,"31":0,"32":0,"33":0,"34":1,"35":2,"36":2,"37":3,"38":3,"39":3,"40":3,"41":0,"42":3,"43":3,"44":3,"45":1,"46":3,"47":1,"48":1,"49":1,"50":1,"51":1,"52":1,"53":1,"54":1,"55":1,"56":1,"57":0,"58":1,"59":6,"60":6,"61":1,"62":2,"63":0,"64":2,"65":1,"66":1,"67":0,"68":0,"69":0,"70":0,"71":0,"72":0,"73":0,"74":0,"75":0,"76":0,"77":0,"78":0,"79":0,"80":0,"81":0,"82":0,"83":0},"b":{"1":[2,1,1,1],"2":[1,1,1,1],"3":[1,1],"4":[2,2],"5":[1,1],"6":[1,1],"7":[2,0],"8":[2,1,1,1,1,1],"9":[0,2,0],"10":[1,1],"11":[2,1,1],"12":[1,0],"13":[0,2],"14":[2,0,0,0,0,0,0],"15":[0,3],"16":[3,0],"17":[1,1],"18":[0,1],"19":[1,2,0,2],"20":[1,0],"21":[1,1],"22":[0,0],"23":[0,0],"24":[0,0],"25":[0,0],"26":[0,0],"27":[0,0],"28":[0,0]},"f":{"1":2,"2":2,"3":2,"4":2,"5":2,"6":2,"7":3,"8":3,"9":3,"10":1,"11":6,"12":0},"fnMap":{"1":{"name":"(anonymous_1)","line":26,"loc":{"start":{"line":26,"column":1},"end":{"line":26,"column":13}}},"2":{"name":"(anonymous_2)","line":33,"loc":{"start":{"line":33,"column":5},"end":{"line":33,"column":17}}},"3":{"name":"(anonymous_3)","line":37,"loc":{"start":{"line":37,"column":24},"end":{"line":37,"column":36}}},"4":{"name":"(anonymous_4)","line":69,"loc":{"start":{"line":69,"column":31},"end":{"line":69,"column":48}},"skip":true},"5":{"name":"(anonymous_5)","line":78,"loc":{"start":{"line":78,"column":26},"end":{"line":78,"column":45}},"skip":true},"6":{"name":"(anonymous_6)","line":123,"loc":{"start":{"line":123,"column":33},"end":{"line":123,"column":48}},"skip":true},"7":{"name":"(anonymous_7)","line":125,"loc":{"start":{"line":125,"column":27},"end":{"line":125,"column":39}},"skip":true},"8":{"name":"(anonymous_8)","line":133,"loc":{"start":{"line":133,"column":59},"end":{"line":133,"column":74}},"skip":true},"9":{"name":"(anonymous_9)","line":143,"loc":{"start":{"line":143,"column":45},"end":{"line":143,"column":62}},"skip":true},"10":{"name":"(anonymous_10)","line":144,"loc":{"start":{"line":144,"column":73},"end":{"line":144,"column":92}},"skip":true},"11":{"name":"(anonymous_11)","line":272,"loc":{"start":{"line":272,"column":51},"end":{"line":272,"column":77}},"skip":true},"12":{"name":"(anonymous_12)","line":315,"loc":{"start":{"line":315,"column":32},"end":{"line":315,"column":61}},"skip":true}},"statementMap":{"1":{"start":{"line":26,"column":0},"end":{"line":326,"column":5}},"2":{"start":{"line":28,"column":4},"end":{"line":28,"column":14}},"3":{"start":{"line":33,"column":4},"end":{"line":60,"column":9}},"4":{"start":{"line":35,"column":8},"end":{"line":35,"column":19}},"5":{"start":{"line":37,"column":8},"end":{"line":49,"column":13}},"6":{"start":{"line":38,"column":12},"end":{"line":48,"column":13}},"7":{"start":{"line":39,"column":16},"end":{"line":42,"column":30}},"8":{"start":{"line":44,"column":16},"end":{"line":47,"column":27}},"9":{"start":{"line":51,"column":8},"end":{"line":53,"column":21}},"10":{"start":{"line":55,"column":8},"end":{"line":57,"column":45}},"11":{"start":{"line":59,"column":8},"end":{"line":59,"column":35}},"12":{"start":{"line":61,"column":4},"end":{"line":325,"column":5}},"13":{"start":{"line":69,"column":8},"end":{"line":121,"column":10},"skip":true},"14":{"start":{"line":70,"column":12},"end":{"line":88,"column":13},"skip":true},"15":{"start":{"line":76,"column":16},"end":{"line":87,"column":19},"skip":true},"16":{"start":{"line":79,"column":20},"end":{"line":86,"column":21},"skip":true},"17":{"start":{"line":82,"column":24},"end":{"line":82,"column":43},"skip":true},"18":{"start":{"line":83,"column":24},"end":{"line":83,"column":30},"skip":true},"19":{"start":{"line":85,"column":24},"end":{"line":85,"column":49},"skip":true},"20":{"start":{"line":89,"column":12},"end":{"line":107,"column":13},"skip":true},"21":{"start":{"line":92,"column":16},"end":{"line":102,"column":17},"skip":true},"22":{"start":{"line":93,"column":20},"end":{"line":93,"column":86},"skip":true},"23":{"start":{"line":94,"column":20},"end":{"line":95,"column":45},"skip":true},"24":{"start":{"line":96,"column":20},"end":{"line":96,"column":42},"skip":true},"25":{"start":{"line":97,"column":20},"end":{"line":97,"column":48},"skip":true},"26":{"start":{"line":100,"column":20},"end":{"line":100,"column":85},"skip":true},"27":{"start":{"line":101,"column":20},"end":{"line":101,"column":96},"skip":true},"28":{"start":{"line":103,"column":16},"end":{"line":103,"column":22},"skip":true},"29":{"start":{"line":106,"column":16},"end":{"line":106,"column":22},"skip":true},"30":{"start":{"line":108,"column":12},"end":{"line":120,"column":13},"skip":true},"31":{"start":{"line":114,"column":16},"end":{"line":119,"column":17},"skip":true},"32":{"start":{"line":116,"column":20},"end":{"line":116,"column":78},"skip":true},"33":{"start":{"line":118,"column":20},"end":{"line":118,"column":47},"skip":true},"34":{"start":{"line":123,"column":8},"end":{"line":141,"column":11},"skip":true},"35":{"start":{"line":124,"column":12},"end":{"line":124,"column":54},"skip":true},"36":{"start":{"line":125,"column":12},"end":{"line":140,"column":14},"skip":true},"37":{"start":{"line":126,"column":16},"end":{"line":126,"column":28},"skip":true},"38":{"start":{"line":127,"column":16},"end":{"line":127,"column":69},"skip":true},"39":{"start":{"line":128,"column":16},"end":{"line":128,"column":75},"skip":true},"40":{"start":{"line":129,"column":16},"end":{"line":131,"column":17},"skip":true},"41":{"start":{"line":130,"column":20},"end":{"line":130,"column":27},"skip":true},"42":{"start":{"line":133,"column":16},"end":{"line":137,"column":36},"skip":true},"43":{"start":{"line":134,"column":20},"end":{"line":136,"column":55},"skip":true},"44":{"start":{"line":139,"column":16},"end":{"line":139,"column":57},"skip":true},"45":{"start":{"line":143,"column":8},"end":{"line":147,"column":11},"skip":true},"46":{"start":{"line":144,"column":12},"end":{"line":146,"column":15},"skip":true},"47":{"start":{"line":145,"column":16},"end":{"line":145,"column":70},"skip":true},"48":{"start":{"line":149,"column":8},"end":{"line":149,"column":31},"skip":true},"49":{"start":{"line":150,"column":8},"end":{"line":150,"column":14},"skip":true},"50":{"start":{"line":158,"column":8},"end":{"line":158,"column":31},"skip":true},"51":{"start":{"line":160,"column":8},"end":{"line":160,"column":33},"skip":true},"52":{"start":{"line":161,"column":8},"end":{"line":161,"column":37},"skip":true},"53":{"start":{"line":162,"column":8},"end":{"line":162,"column":35},"skip":true},"54":{"start":{"line":164,"column":8},"end":{"line":164,"column":50},"skip":true},"55":{"start":{"line":166,"column":8},"end":{"line":256,"column":2},"skip":true},"56":{"start":{"line":258,"column":8},"end":{"line":286,"column":9},"skip":true},"57":{"start":{"line":259,"column":12},"end":{"line":269,"column":14},"skip":true},"58":{"start":{"line":271,"column":12},"end":{"line":285,"column":19},"skip":true},"59":{"start":{"line":274,"column":20},"end":{"line":274,"column":35},"skip":true},"60":{"start":{"line":275,"column":20},"end":{"line":284,"column":21},"skip":true},"61":{"start":{"line":277,"column":24},"end":{"line":277,"column":64},"skip":true},"62":{"start":{"line":279,"column":24},"end":{"line":279,"column":40},"skip":true},"63":{"start":{"line":281,"column":24},"end":{"line":281,"column":40},"skip":true},"64":{"start":{"line":283,"column":24},"end":{"line":283,"column":39},"skip":true},"65":{"start":{"line":288,"column":8},"end":{"line":290,"column":9},"skip":true},"66":{"start":{"line":289,"column":12},"end":{"line":289,"column":18},"skip":true},"67":{"start":{"line":291,"column":8},"end":{"line":293,"column":54},"skip":true},"68":{"start":{"line":296,"column":8},"end":{"line":301,"column":37},"skip":true},"69":{"start":{"line":303,"column":8},"end":{"line":303,"column":82},"skip":true},"70":{"start":{"line":306,"column":8},"end":{"line":308,"column":9},"skip":true},"71":{"start":{"line":307,"column":12},"end":{"line":307,"column":82},"skip":true},"72":{"start":{"line":310,"column":8},"end":{"line":312,"column":9},"skip":true},"73":{"start":{"line":311,"column":12},"end":{"line":311,"column":18},"skip":true},"74":{"start":{"line":313,"column":8},"end":{"line":313,"column":54},"skip":true},"75":{"start":{"line":314,"column":8},"end":{"line":314,"column":69},"skip":true},"76":{"start":{"line":315,"column":8},"end":{"line":323,"column":36},"skip":true},"77":{"start":{"line":316,"column":12},"end":{"line":316,"column":61},"skip":true},"78":{"start":{"line":317,"column":12},"end":{"line":320,"column":13},"skip":true},"79":{"start":{"line":318,"column":16},"end":{"line":318,"column":75},"skip":true},"80":{"start":{"line":319,"column":16},"end":{"line":319,"column":23},"skip":true},"81":{"start":{"line":321,"column":12},"end":{"line":321,"column":38},"skip":true},"82":{"start":{"line":322,"column":12},"end":{"line":322,"column":27},"skip":true},"83":{"start":{"line":324,"column":8},"end":{"line":324,"column":14},"skip":true}},"branchMap":{"1":{"line":39,"type":"binary-expr","locations":[{"start":{"line":39,"column":23},"end":{"line":39,"column":62}},{"start":{"line":40,"column":20},"end":{"line":40,"column":70}},{"start":{"line":41,"column":20},"end":{"line":41,"column":71}},{"start":{"line":42,"column":20},"end":{"line":42,"column":29}}]},"2":{"line":44,"type":"binary-expr","locations":[{"start":{"line":44,"column":23},"end":{"line":44,"column":37}},{"start":{"line":45,"column":20},"end":{"line":45,"column":61}},{"start":{"line":46,"column":20},"end":{"line":46,"column":70}},{"start":{"line":47,"column":20},"end":{"line":47,"column":26}}]},"3":{"line":51,"type":"cond-expr","locations":[{"start":{"line":52,"column":14},"end":{"line":52,"column":20}},{"start":{"line":53,"column":14},"end":{"line":53,"column":20}}]},"4":{"line":55,"type":"binary-expr","locations":[{"start":{"line":55,"column":16},"end":{"line":55,"column":44}},{"start":{"line":55,"column":49},"end":{"line":57,"column":43}}]},"5":{"line":55,"type":"cond-expr","locations":[{"start":{"line":56,"column":14},"end":{"line":56,"column":53}},{"start":{"line":57,"column":14},"end":{"line":57,"column":43}}]},"6":{"line":61,"type":"switch","locations":[{"start":{"line":68,"column":4},"end":{"line":150,"column":14},"skip":true},{"start":{"line":156,"column":4},"end":{"line":324,"column":14},"skip":true}]},"7":{"line":70,"type":"if","locations":[{"start":{"line":70,"column":12},"end":{"line":70,"column":12},"skip":true},{"start":{"line":70,"column":12},"end":{"line":70,"column":12},"skip":true}]},"8":{"line":70,"type":"binary-expr","locations":[{"start":{"line":70,"column":16},"end":{"line":70,"column":22},"skip":true},{"start":{"line":70,"column":27},"end":{"line":70,"column":32},"skip":true},{"start":{"line":71,"column":20},"end":{"line":71,"column":39},"skip":true},{"start":{"line":72,"column":20},"end":{"line":72,"column":49},"skip":true},{"start":{"line":73,"column":20},"end":{"line":73,"column":58},"skip":true},{"start":{"line":74,"column":20},"end":{"line":74,"column":69},"skip":true}]},"9":{"line":79,"type":"switch","locations":[{"start":{"line":80,"column":20},"end":{"line":80,"column":33},"skip":true},{"start":{"line":81,"column":20},"end":{"line":83,"column":30},"skip":true},{"start":{"line":84,"column":20},"end":{"line":85,"column":49},"skip":true}]},"10":{"line":89,"type":"switch","locations":[{"start":{"line":90,"column":12},"end":{"line":103,"column":22},"skip":true},{"start":{"line":105,"column":12},"end":{"line":106,"column":22},"skip":true}]},"11":{"line":89,"type":"binary-expr","locations":[{"start":{"line":89,"column":20},"end":{"line":89,"column":25},"skip":true},{"start":{"line":89,"column":29},"end":{"line":89,"column":48},"skip":true},{"start":{"line":89,"column":52},"end":{"line":89,"column":74},"skip":true}]},"12":{"line":92,"type":"if","locations":[{"start":{"line":92,"column":16},"end":{"line":92,"column":16},"skip":true},{"start":{"line":92,"column":16},"end":{"line":92,"column":16},"skip":true}]},"13":{"line":108,"type":"if","locations":[{"start":{"line":108,"column":12},"end":{"line":108,"column":12},"skip":true},{"start":{"line":108,"column":12},"end":{"line":108,"column":12},"skip":true}]},"14":{"line":108,"type":"binary-expr","locations":[{"start":{"line":108,"column":16},"end":{"line":108,"column":61},"skip":true},{"start":{"line":108,"column":66},"end":{"line":108,"column":72},"skip":true},{"start":{"line":108,"column":77},"end":{"line":108,"column":82},"skip":true},{"start":{"line":109,"column":20},"end":{"line":109,"column":39},"skip":true},{"start":{"line":110,"column":20},"end":{"line":110,"column":49},"skip":true},{"start":{"line":111,"column":20},"end":{"line":111,"column":58},"skip":true},{"start":{"line":112,"column":20},"end":{"line":112,"column":68},"skip":true}]},"15":{"line":129,"type":"if","locations":[{"start":{"line":129,"column":16},"end":{"line":129,"column":16},"skip":true},{"start":{"line":129,"column":16},"end":{"line":129,"column":16},"skip":true}]},"16":{"line":134,"type":"cond-expr","locations":[{"start":{"line":135,"column":26},"end":{"line":135,"column":29},"skip":true},{"start":{"line":136,"column":26},"end":{"line":136,"column":54},"skip":true}]},"17":{"line":164,"type":"binary-expr","locations":[{"start":{"line":164,"column":27},"end":{"line":164,"column":43},"skip":true},{"start":{"line":164,"column":47},"end":{"line":164,"column":49},"skip":true}]},"18":{"line":258,"type":"if","locations":[{"start":{"line":258,"column":8},"end":{"line":258,"column":8},"skip":true},{"start":{"line":258,"column":8},"end":{"line":258,"column":8},"skip":true}]},"19":{"line":275,"type":"switch","locations":[{"start":{"line":276,"column":20},"end":{"line":277,"column":64},"skip":true},{"start":{"line":278,"column":20},"end":{"line":279,"column":40},"skip":true},{"start":{"line":280,"column":20},"end":{"line":281,"column":40},"skip":true},{"start":{"line":282,"column":20},"end":{"line":283,"column":39},"skip":true}]},"20":{"line":288,"type":"if","locations":[{"start":{"line":288,"column":8},"end":{"line":288,"column":8},"skip":true},{"start":{"line":288,"column":8},"end":{"line":288,"column":8},"skip":true}]},"21":{"line":288,"type":"binary-expr","locations":[{"start":{"line":288,"column":12},"end":{"line":288,"column":40},"skip":true},{"start":{"line":288,"column":44},"end":{"line":288,"column":67},"skip":true}]},"22":{"line":292,"type":"binary-expr","locations":[{"start":{"line":292,"column":12},"end":{"line":292,"column":50},"skip":true},{"start":{"line":293,"column":12},"end":{"line":293,"column":53},"skip":true}]},"23":{"line":297,"type":"binary-expr","locations":[{"start":{"line":297,"column":12},"end":{"line":297,"column":67},"skip":true},{"start":{"line":298,"column":12},"end":{"line":301,"column":36},"skip":true}]},"24":{"line":303,"type":"binary-expr","locations":[{"start":{"line":303,"column":43},"end":{"line":303,"column":75},"skip":true},{"start":{"line":303,"column":79},"end":{"line":303,"column":81},"skip":true}]},"25":{"line":306,"type":"if","locations":[{"start":{"line":306,"column":8},"end":{"line":306,"column":8},"skip":true},{"start":{"line":306,"column":8},"end":{"line":306,"column":8},"skip":true}]},"26":{"line":310,"type":"if","locations":[{"start":{"line":310,"column":8},"end":{"line":310,"column":8},"skip":true},{"start":{"line":310,"column":8},"end":{"line":310,"column":8},"skip":true}]},"27":{"line":313,"type":"binary-expr","locations":[{"start":{"line":313,"column":27},"end":{"line":313,"column":43},"skip":true},{"start":{"line":313,"column":47},"end":{"line":313,"column":53},"skip":true}]},"28":{"line":317,"type":"if","locations":[{"start":{"line":317,"column":12},"end":{"line":317,"column":12},"skip":true},{"start":{"line":317,"column":12},"end":{"line":317,"column":12},"skip":true}]}},"code":["/*","example.js","","quickstart example","","instruction","    1. save this script as example.js","    2. run the shell command:","        $ npm install npmtest-ipaddr.js && PORT=8081 node example.js","    3. play with the browser-demo on http://127.0.0.1:8081","*/","","","","/* istanbul instrument in package npmtest_ipaddr_js */","/*jslint","    bitwise: true,","    browser: true,","    maxerr: 8,","    maxlen: 96,","    node: true,","    nomen: true,","    regexp: true,","    stupid: true","*/","(function () {","    'use strict';","    var local;","","","","    // run shared js-env code - init-before","    (function () {","        // init local","        local = {};","        // init modeJs","        local.modeJs = (function () {","            try {","                return typeof navigator.userAgent === 'string' &&","                    typeof document.querySelector('body') === 'object' &&","                    typeof XMLHttpRequest.prototype.open === 'function' &&","                    'browser';","            } catch (errorCaughtBrowser) {","                return module.exports &&","                    typeof process.versions.node === 'string' &&","                    typeof require('http').createServer === 'function' &&","                    'node';","            }","        }());","        // init global","        local.global = local.modeJs === 'browser'","            ? window","            : global;","        // init utility2_rollup","        local = local.global.utility2_rollup || (local.modeJs === 'browser'","            ? local.global.utility2_npmtest_ipaddr_js","            : global.utility2_moduleExports);","        // export local","        local.global.local = local;","    }());","    switch (local.modeJs) {","","","","    // init-after","    // run browser js-env code - init-after","    /* istanbul ignore next */","    case 'browser':","        local.testRunBrowser = function (event) {","            if (!event || (event &&","                    event.currentTarget &&","                    event.currentTarget.className &&","                    event.currentTarget.className.includes &&","                    event.currentTarget.className.includes('onreset'))) {","                // reset output","                Array.from(","                    document.querySelectorAll('body > .resettable')","                ).forEach(function (element) {","                    switch (element.tagName) {","                    case 'INPUT':","                    case 'TEXTAREA':","                        element.value = '';","                        break;","                    default:","                        element.textContent = '';","                    }","                });","            }","            switch (event && event.currentTarget && event.currentTarget.id) {","            case 'testRunButton1':","                // show tests","                if (document.querySelector('#testReportDiv1').style.display === 'none') {","                    document.querySelector('#testReportDiv1').style.display = 'block';","                    document.querySelector('#testRunButton1').textContent =","                        'hide internal test';","                    local.modeTest = true;","                    local.testRunDefault(local);","                // hide tests","                } else {","                    document.querySelector('#testReportDiv1').style.display = 'none';","                    document.querySelector('#testRunButton1').textContent = 'run internal test';","                }","                break;","            // custom-case","            default:","                break;","            }","            if (document.querySelector('#inputTextareaEval1') && (!event || (event &&","                    event.currentTarget &&","                    event.currentTarget.className &&","                    event.currentTarget.className.includes &&","                    event.currentTarget.className.includes('oneval')))) {","                // try to eval input-code","                try {","                    /*jslint evil: true*/","                    eval(document.querySelector('#inputTextareaEval1').value);","                } catch (errorCaught) {","                    console.error(errorCaught);","                }","            }","        };","        // log stderr and stdout to #outputTextareaStdout1","        ['error', 'log'].forEach(function (key) {","            console[key + '_original'] = console[key];","            console[key] = function () {","                var element;","                console[key + '_original'].apply(console, arguments);","                element = document.querySelector('#outputTextareaStdout1');","                if (!element) {","                    return;","                }","                // append text to #outputTextareaStdout1","                element.value += Array.from(arguments).map(function (arg) {","                    return typeof arg === 'string'","                        ? arg","                        : JSON.stringify(arg, null, 4);","                }).join(' ') + '\\n';","                // scroll textarea to bottom","                element.scrollTop = element.scrollHeight;","            };","        });","        // init event-handling","        ['change', 'click', 'keyup'].forEach(function (event) {","            Array.from(document.querySelectorAll('.on' + event)).forEach(function (element) {","                element.addEventListener(event, local.testRunBrowser);","            });","        });","        // run tests","        local.testRunBrowser();","        break;","","","","    // run node js-env code - init-after","    /* istanbul ignore next */","    case 'node':","        // export local","        module.exports = local;","        // require modules","        local.fs = require('fs');","        local.http = require('http');","        local.url = require('url');","        // init assets","        local.assetsDict = local.assetsDict || {};","        /* jslint-ignore-begin */","        local.assetsDict['/assets.index.template.html'] = '\\","<!doctype html>\\n\\","<html lang=\"en\">\\n\\","<head>\\n\\","<meta charset=\"UTF-8\">\\n\\","<meta name=\"viewport\" content=\"width=device-width, initial-scale=1\">\\n\\","<title>{{env.npm_package_name}} (v{{env.npm_package_version}})</title>\\n\\","<style>\\n\\","/*csslint\\n\\","    box-sizing: false,\\n\\","    universal-selector: false\\n\\","*/\\n\\","* {\\n\\","    box-sizing: border-box;\\n\\","}\\n\\","body {\\n\\","    background: #dde;\\n\\","    font-family: Arial, Helvetica, sans-serif;\\n\\","    margin: 2rem;\\n\\","}\\n\\","body > * {\\n\\","    margin-bottom: 1rem;\\n\\","}\\n\\",".utility2FooterDiv {\\n\\","    margin-top: 20px;\\n\\","    text-align: center;\\n\\","}\\n\\","</style>\\n\\","<style>\\n\\","/*csslint\\n\\","*/\\n\\","textarea {\\n\\","    font-family: monospace;\\n\\","    height: 10rem;\\n\\","    width: 100%;\\n\\","}\\n\\","textarea[readonly] {\\n\\","    background: #ddd;\\n\\","}\\n\\","</style>\\n\\","</head>\\n\\","<body>\\n\\","<!-- utility2-comment\\n\\","<div id=\"ajaxProgressDiv1\" style=\"background: #d00; height: 2px; left: 0; margin: 0; padding: 0; position: fixed; top: 0; transition: background 0.5s, width 1.5s; width: 25%;\"></div>\\n\\","utility2-comment -->\\n\\","<h1>\\n\\","<!-- utility2-comment\\n\\","    <a\\n\\","        {{#if env.npm_package_homepage}}\\n\\","        href=\"{{env.npm_package_homepage}}\"\\n\\","        {{/if env.npm_package_homepage}}\\n\\","        target=\"_blank\"\\n\\","    >\\n\\","utility2-comment -->\\n\\","        {{env.npm_package_name}} (v{{env.npm_package_version}})\\n\\","<!-- utility2-comment\\n\\","    </a>\\n\\","utility2-comment -->\\n\\","</h1>\\n\\","<h3>{{env.npm_package_description}}</h3>\\n\\","<!-- utility2-comment\\n\\","<h4><a download href=\"assets.app.js\">download standalone app</a></h4>\\n\\","<button class=\"onclick onreset\" id=\"testRunButton1\">run internal test</button><br>\\n\\","<div id=\"testReportDiv1\" style=\"display: none;\"></div>\\n\\","utility2-comment -->\\n\\","\\n\\","\\n\\","\\n\\","<label>stderr and stdout</label>\\n\\","<textarea class=\"resettable\" id=\"outputTextareaStdout1\" readonly></textarea>\\n\\","<!-- utility2-comment\\n\\","{{#if isRollup}}\\n\\","<script src=\"assets.app.js\"></script>\\n\\","{{#unless isRollup}}\\n\\","utility2-comment -->\\n\\","<script src=\"assets.utility2.rollup.js\"></script>\\n\\","<script src=\"jsonp.utility2._stateInit?callback=window.utility2._stateInit\"></script>\\n\\","<script src=\"assets.npmtest_ipaddr_js.rollup.js\"></script>\\n\\","<script src=\"assets.example.js\"></script>\\n\\","<script src=\"assets.test.js\"></script>\\n\\","<!-- utility2-comment\\n\\","{{/if isRollup}}\\n\\","utility2-comment -->\\n\\","<div class=\"utility2FooterDiv\">\\n\\","    [ this app was created with\\n\\","    <a href=\"https://github.com/kaizhu256/node-utility2\" target=\"_blank\">utility2</a>\\n\\","    ]\\n\\","</div>\\n\\","</body>\\n\\","</html>\\n\\","';","        /* jslint-ignore-end */","        if (local.templateRender) {","            local.assetsDict['/'] = local.templateRender(","                local.assetsDict['/assets.index.template.html'],","                {","                    env: local.objectSetDefault(local.env, {","                        npm_package_description: 'the greatest app in the world!',","                        npm_package_name: 'my-app',","                        npm_package_nameAlias: 'my_app',","                        npm_package_version: '0.0.1'","                    })","                }","            );","        } else {","            local.assetsDict['/'] = local.assetsDict['/assets.index.template.html']","                .replace((/\\{\\{env\\.(\\w+?)\\}\\}/g), function (match0, match1) {","                    // jslint-hack","                    String(match0);","                    switch (match1) {","                    case 'npm_package_description':","                        return 'the greatest app in the world!';","                    case 'npm_package_name':","                        return 'my-app';","                    case 'npm_package_nameAlias':","                        return 'my_app';","                    case 'npm_package_version':","                        return '0.0.1';","                    }","                });","        }","        // run the cli","        if (local.global.utility2_rollup || module !== require.main) {","            break;","        }","        local.assetsDict['/assets.example.js'] =","            local.assetsDict['/assets.example.js'] ||","            local.fs.readFileSync(__filename, 'utf8');","        // bug-workaround - long $npm_package_buildCustomOrg","        /* jslint-ignore-begin */","        local.assetsDict['/assets.npmtest_ipaddr_js.rollup.js'] =","            local.assetsDict['/assets.npmtest_ipaddr_js.rollup.js'] ||","            local.fs.readFileSync(","                local.npmtest_ipaddr_js.__dirname + '/lib.npmtest_ipaddr_js.js',","                'utf8'","            ).replace((/^#!/), '//');","        /* jslint-ignore-end */","        local.assetsDict['/favicon.ico'] = local.assetsDict['/favicon.ico'] || '';","        // if $npm_config_timeout_exit exists,","        // then exit this process after $npm_config_timeout_exit ms","        if (Number(process.env.npm_config_timeout_exit)) {","            setTimeout(process.exit, Number(process.env.npm_config_timeout_exit));","        }","        // start server","        if (local.global.utility2_serverHttp1) {","            break;","        }","        process.env.PORT = process.env.PORT || '8081';","        console.error('server starting on port ' + process.env.PORT);","        local.http.createServer(function (request, response) {","            request.urlParsed = local.url.parse(request.url);","            if (local.assetsDict[request.urlParsed.pathname] !== undefined) {","                response.end(local.assetsDict[request.urlParsed.pathname]);","                return;","            }","            response.statusCode = 404;","            response.end();","        }).listen(process.env.PORT);","        break;","    }","}());",""],"l":{"26":2,"28":2,"33":2,"35":2,"37":2,"38":2,"39":2,"44":1,"51":2,"55":2,"59":2,"61":2,"69":1,"70":2,"76":2,"79":2,"82":2,"83":2,"85":1,"89":2,"92":1,"93":1,"94":1,"96":1,"97":1,"100":1,"101":1,"103":1,"106":1,"108":2,"114":1,"116":1,"118":1,"123":1,"124":2,"125":2,"126":3,"127":3,"128":3,"129":3,"130":1,"133":3,"134":3,"139":3,"143":1,"144":3,"145":1,"149":1,"150":1,"158":1,"160":1,"161":1,"162":1,"164":1,"166":1,"258":1,"259":1,"271":1,"274":6,"275":6,"277":1,"279":2,"281":1,"283":2,"288":1,"289":1,"291":1,"296":1,"303":1,"306":1,"307":1,"310":1,"311":1,"313":1,"314":1,"315":1,"316":1,"317":1,"318":1,"319":1,"321":1,"322":1,"324":1}},"/home/travis/build/npmtest/node-npmtest-ipaddr.js/node_modules/ipaddr.js/lib/ipaddr.js":{"path":"/home/travis/build/npmtest/node-npmtest-ipaddr.js/node_modules/ipaddr.js/lib/ipaddr.js","s":{"1":1,"2":1,"3":1,"4":1,"5":1,"6":1,"7":0,"8":1,"9":0,"10":0,"11":0,"12":0,"13":0,"14":0,"15":0,"16":0,"17":0,"18":0,"19":0,"20":0,"21":0,"22":1,"23":0,"24":0,"25":0,"26":0,"27":0,"28":0,"29":0,"30":0,"31":0,"32":0,"33":0,"34":0,"35":1,"36":1,"37":15,"38":15,"39":0,"40":15,"41":60,"42":60,"43":0,"44":15,"45":1,"46":0,"47":1,"48":0,"49":1,"50":0,"51":1,"52":0,"53":0,"54":0,"55":0,"56":0,"57":0,"58":1,"59":1,"60":0,"61":1,"62":0,"63":1,"64":0,"65":0,"66":0,"67":0,"68":0,"69":0,"70":0,"71":0,"72":0,"73":0,"74":0,"75":0,"76":0,"77":0,"78":0,"79":1,"80":1,"81":1,"82":1,"83":0,"84":0,"85":0,"86":0,"87":0,"88":0,"89":0,"90":0,"91":0,"92":0,"93":0,"94":0,"95":0,"96":0,"97":0,"98":0,"99":0,"100":0,"101":0,"102":0,"103":0,"104":0,"105":0,"106":0,"107":0,"108":1,"109":1,"110":11,"111":11,"112":0,"113":0,"114":0,"115":11,"116":11,"117":0,"118":11,"119":11,"120":88,"121":88,"122":0,"123":1,"124":0,"125":1,"126":0,"127":0,"128":0,"129":0,"130":0,"131":0,"132":0,"133":0,"134":0,"135":0,"136":0,"137":0,"138":0,"139":0,"140":0,"141":0,"142":0,"143":0,"144":0,"145":0,"146":0,"147":0,"148":0,"149":0,"150":0,"151":0,"152":0,"153":0,"154":0,"155":0,"156":0,"157":0,"158":0,"159":0,"160":0,"161":1,"162":0,"163":0,"164":0,"165":0,"166":0,"167":0,"168":0,"169":0,"170":1,"171":0,"172":0,"173":0,"174":0,"175":0,"176":0,"177":0,"178":0,"179":0,"180":1,"181":0,"182":0,"183":0,"184":0,"185":0,"186":0,"187":1,"188":1,"189":0,"190":1,"191":0,"192":1,"193":0,"194":0,"195":0,"196":0,"197":0,"198":1,"199":1,"200":1,"201":1,"202":0,"203":0,"204":0,"205":0,"206":0,"207":0,"208":0,"209":0,"210":0,"211":0,"212":0,"213":0,"214":0,"215":0,"216":0,"217":0,"218":0,"219":0,"220":0,"221":0,"222":0,"223":0,"224":0,"225":0,"226":0,"227":0,"228":0,"229":0,"230":0,"231":0,"232":1,"233":0,"234":0,"235":0,"236":0,"237":0,"238":0,"239":0,"240":0,"241":0,"242":0,"243":0,"244":0,"245":0,"246":0,"247":0,"248":1,"249":0,"250":1,"251":0,"252":0,"253":0,"254":0,"255":0,"256":0,"257":1,"258":0,"259":0,"260":0,"261":1,"262":0,"263":0,"264":0,"265":0,"266":0,"267":0,"268":0,"269":0,"270":1,"271":0,"272":0,"273":0,"274":0,"275":0,"276":1,"277":0,"278":0,"279":0,"280":0,"281":0,"282":0,"283":1,"284":0,"285":0,"286":0,"287":0,"288":0,"289":0,"290":1,"291":0,"292":1,"293":0,"294":0,"295":0,"296":0,"297":0,"298":1,"299":0,"300":0,"301":0,"302":0,"303":0,"304":0,"305":0,"306":0,"307":1,"308":0,"309":0,"310":0,"311":0,"312":0,"313":0,"314":0,"315":1,"316":0,"317":0,"318":0,"319":0,"320":0},"b":{"1":[1,0],"2":[1,1,1],"3":[0,0],"4":[0,0],"5":[0,0],"6":[0,0],"7":[0,0],"8":[0,0],"9":[0,0],"10":[0,15],"11":[0,60],"12":[60,60],"13":[0,0],"14":[0,0],"15":[0,0],"16":[0,0],"17":[0,0],"18":[0,0],"19":[0,0],"20":[0,0],"21":[0,0],"22":[0,0],"23":[0,0],"24":[0,0],"25":[0,11],"26":[11,0],"27":[0,88],"28":[88,88],"29":[0,0,0,0],"30":[0,0],"31":[0,0],"32":[0,0],"33":[0,0],"34":[0,0],"35":[0,0],"36":[0,0],"37":[0,0],"38":[0,0],"39":[0,0],"40":[0,0],"41":[0,0],"42":[0,0],"43":[0,0],"44":[0,0],"45":[0,0],"46":[0,0],"47":[0,0],"48":[0,0],"49":[0,0],"50":[0,0],"51":[0,0],"52":[0,0],"53":[0,0],"54":[0,0],"55":[0,0],"56":[0,0],"57":[0,0],"58":[0,0],"59":[0,0],"60":[0,0],"61":[0,0],"62":[0,0],"63":[0,0],"64":[0,0],"65":[0,0]},"f":{"1":1,"2":0,"3":0,"4":1,"5":15,"6":0,"7":0,"8":0,"9":0,"10":0,"11":0,"12":0,"13":0,"14":0,"15":0,"16":0,"17":1,"18":11,"19":0,"20":0,"21":0,"22":0,"23":0,"24":0,"25":0,"26":0,"27":0,"28":0,"29":0,"30":0,"31":0,"32":0,"33":0,"34":0,"35":0,"36":0,"37":0,"38":0,"39":0,"40":0,"41":0,"42":0,"43":0,"44":0},"fnMap":{"1":{"name":"(anonymous_1)","line":1,"loc":{"start":{"line":1,"column":1},"end":{"line":1,"column":12}}},"2":{"name":"(anonymous_2)","line":14,"loc":{"start":{"line":14,"column":14},"end":{"line":14,"column":58}}},"3":{"name":"(anonymous_3)","line":34,"loc":{"start":{"line":34,"column":23},"end":{"line":34,"column":65}}},"4":{"name":"(anonymous_4)","line":54,"loc":{"start":{"line":54,"column":17},"end":{"line":54,"column":28}}},"5":{"name":"IPv4","line":55,"loc":{"start":{"line":55,"column":4},"end":{"line":55,"column":26}}},"6":{"name":"(anonymous_6)","line":69,"loc":{"start":{"line":69,"column":26},"end":{"line":69,"column":37}}},"7":{"name":"(anonymous_7)","line":73,"loc":{"start":{"line":73,"column":30},"end":{"line":73,"column":41}}},"8":{"name":"(anonymous_8)","line":77,"loc":{"start":{"line":77,"column":33},"end":{"line":77,"column":44}}},"9":{"name":"(anonymous_9)","line":81,"loc":{"start":{"line":81,"column":27},"end":{"line":81,"column":54}}},"10":{"name":"(anonymous_10)","line":103,"loc":{"start":{"line":103,"column":27},"end":{"line":103,"column":38}}},"11":{"name":"(anonymous_11)","line":107,"loc":{"start":{"line":107,"column":41},"end":{"line":107,"column":52}}},"12":{"name":"(anonymous_12)","line":111,"loc":{"start":{"line":111,"column":48},"end":{"line":111,"column":59}}},"13":{"name":"(anonymous_13)","line":155,"loc":{"start":{"line":155,"column":23},"end":{"line":155,"column":40}}},"14":{"name":"(anonymous_14)","line":157,"loc":{"start":{"line":157,"column":19},"end":{"line":157,"column":36}}},"15":{"name":"(anonymous_15)","line":165,"loc":{"start":{"line":165,"column":14},"end":{"line":165,"column":25}}},"16":{"name":"(anonymous_16)","line":180,"loc":{"start":{"line":180,"column":15},"end":{"line":180,"column":26}}},"17":{"name":"(anonymous_17)","line":193,"loc":{"start":{"line":193,"column":17},"end":{"line":193,"column":28}}},"18":{"name":"IPv6","line":194,"loc":{"start":{"line":194,"column":4},"end":{"line":194,"column":25}}},"19":{"name":"(anonymous_19)","line":215,"loc":{"start":{"line":215,"column":26},"end":{"line":215,"column":37}}},"20":{"name":"(anonymous_20)","line":219,"loc":{"start":{"line":219,"column":30},"end":{"line":219,"column":41}}},"21":{"name":"(anonymous_21)","line":221,"loc":{"start":{"line":221,"column":21},"end":{"line":221,"column":32}}},"22":{"name":"(anonymous_22)","line":232,"loc":{"start":{"line":232,"column":17},"end":{"line":232,"column":32}}},"23":{"name":"(anonymous_23)","line":272,"loc":{"start":{"line":272,"column":33},"end":{"line":272,"column":44}}},"24":{"name":"(anonymous_24)","line":284,"loc":{"start":{"line":284,"column":40},"end":{"line":284,"column":51}}},"25":{"name":"(anonymous_25)","line":286,"loc":{"start":{"line":286,"column":15},"end":{"line":286,"column":26}}},"26":{"name":"(anonymous_26)","line":298,"loc":{"start":{"line":298,"column":27},"end":{"line":298,"column":54}}},"27":{"name":"(anonymous_27)","line":323,"loc":{"start":{"line":323,"column":27},"end":{"line":323,"column":38}}},"28":{"name":"(anonymous_28)","line":327,"loc":{"start":{"line":327,"column":41},"end":{"line":327,"column":52}}},"29":{"name":"(anonymous_29)","line":331,"loc":{"start":{"line":331,"column":35},"end":{"line":331,"column":46}}},"30":{"name":"(anonymous_30)","line":351,"loc":{"start":{"line":351,"column":15},"end":{"line":351,"column":39}}},"31":{"name":"(anonymous_31)","line":382,"loc":{"start":{"line":382,"column":12},"end":{"line":382,"column":23}}},"32":{"name":"(anonymous_32)","line":394,"loc":{"start":{"line":394,"column":23},"end":{"line":394,"column":40}}},"33":{"name":"(anonymous_33)","line":416,"loc":{"start":{"line":416,"column":44},"end":{"line":416,"column":61}}},"34":{"name":"(anonymous_34)","line":420,"loc":{"start":{"line":420,"column":24},"end":{"line":420,"column":41}}},"35":{"name":"(anonymous_35)","line":431,"loc":{"start":{"line":431,"column":39},"end":{"line":431,"column":56}}},"36":{"name":"(anonymous_36)","line":439,"loc":{"start":{"line":439,"column":24},"end":{"line":439,"column":41}}},"37":{"name":"(anonymous_37)","line":453,"loc":{"start":{"line":453,"column":42},"end":{"line":453,"column":59}}},"38":{"name":"(anonymous_38)","line":462,"loc":{"start":{"line":462,"column":26},"end":{"line":462,"column":43}}},"39":{"name":"(anonymous_39)","line":473,"loc":{"start":{"line":473,"column":26},"end":{"line":473,"column":43}}},"40":{"name":"(anonymous_40)","line":484,"loc":{"start":{"line":484,"column":19},"end":{"line":484,"column":36}}},"41":{"name":"(anonymous_41)","line":488,"loc":{"start":{"line":488,"column":17},"end":{"line":488,"column":34}}},"42":{"name":"(anonymous_42)","line":498,"loc":{"start":{"line":498,"column":21},"end":{"line":498,"column":38}}},"43":{"name":"(anonymous_43)","line":513,"loc":{"start":{"line":513,"column":25},"end":{"line":513,"column":41}}},"44":{"name":"(anonymous_44)","line":525,"loc":{"start":{"line":525,"column":19},"end":{"line":525,"column":36}}}},"statementMap":{"1":{"start":{"line":1,"column":0},"end":{"line":535,"column":14}},"2":{"start":{"line":2,"column":2},"end":{"line":2,"column":88}},"3":{"start":{"line":4,"column":2},"end":{"line":4,"column":14}},"4":{"start":{"line":6,"column":2},"end":{"line":6,"column":14}},"5":{"start":{"line":8,"column":2},"end":{"line":12,"column":3}},"6":{"start":{"line":9,"column":4},"end":{"line":9,"column":28}},"7":{"start":{"line":11,"column":4},"end":{"line":11,"column":28}},"8":{"start":{"line":14,"column":2},"end":{"line":32,"column":4}},"9":{"start":{"line":15,"column":4},"end":{"line":15,"column":20}},"10":{"start":{"line":16,"column":4},"end":{"line":18,"column":5}},"11":{"start":{"line":17,"column":6},"end":{"line":17,"column":86}},"12":{"start":{"line":19,"column":4},"end":{"line":19,"column":13}},"13":{"start":{"line":20,"column":4},"end":{"line":30,"column":5}},"14":{"start":{"line":21,"column":6},"end":{"line":21,"column":34}},"15":{"start":{"line":22,"column":6},"end":{"line":24,"column":7}},"16":{"start":{"line":23,"column":8},"end":{"line":23,"column":18}},"17":{"start":{"line":25,"column":6},"end":{"line":27,"column":7}},"18":{"start":{"line":26,"column":8},"end":{"line":26,"column":21}},"19":{"start":{"line":28,"column":6},"end":{"line":28,"column":27}},"20":{"start":{"line":29,"column":6},"end":{"line":29,"column":16}},"21":{"start":{"line":31,"column":4},"end":{"line":31,"column":16}},"22":{"start":{"line":34,"column":2},"end":{"line":52,"column":4}},"23":{"start":{"line":35,"column":4},"end":{"line":35,"column":50}},"24":{"start":{"line":36,"column":4},"end":{"line":38,"column":5}},"25":{"start":{"line":37,"column":6},"end":{"line":37,"column":30}},"26":{"start":{"line":39,"column":4},"end":{"line":50,"column":5}},"27":{"start":{"line":40,"column":6},"end":{"line":40,"column":42}},"28":{"start":{"line":41,"column":6},"end":{"line":43,"column":7}},"29":{"start":{"line":42,"column":8},"end":{"line":42,"column":38}},"30":{"start":{"line":44,"column":6},"end":{"line":49,"column":7}},"31":{"start":{"line":45,"column":8},"end":{"line":45,"column":34}},"32":{"start":{"line":46,"column":8},"end":{"line":48,"column":9}},"33":{"start":{"line":47,"column":10},"end":{"line":47,"column":27}},"34":{"start":{"line":51,"column":4},"end":{"line":51,"column":23}},"35":{"start":{"line":54,"column":2},"end":{"line":146,"column":7}},"36":{"start":{"line":55,"column":4},"end":{"line":67,"column":5}},"37":{"start":{"line":56,"column":6},"end":{"line":56,"column":26}},"38":{"start":{"line":57,"column":6},"end":{"line":59,"column":7}},"39":{"start":{"line":58,"column":8},"end":{"line":58,"column":64}},"40":{"start":{"line":60,"column":6},"end":{"line":65,"column":7}},"41":{"start":{"line":61,"column":8},"end":{"line":61,"column":27}},"42":{"start":{"line":62,"column":8},"end":{"line":64,"column":9}},"43":{"start":{"line":63,"column":10},"end":{"line":63,"column":69}},"44":{"start":{"line":66,"column":6},"end":{"line":66,"column":27}},"45":{"start":{"line":69,"column":4},"end":{"line":71,"column":6}},"46":{"start":{"line":70,"column":6},"end":{"line":70,"column":20}},"47":{"start":{"line":73,"column":4},"end":{"line":75,"column":6}},"48":{"start":{"line":74,"column":6},"end":{"line":74,"column":35}},"49":{"start":{"line":77,"column":4},"end":{"line":79,"column":6}},"50":{"start":{"line":78,"column":6},"end":{"line":78,"column":34}},"51":{"start":{"line":81,"column":4},"end":{"line":90,"column":6}},"52":{"start":{"line":82,"column":6},"end":{"line":82,"column":15}},"53":{"start":{"line":83,"column":6},"end":{"line":85,"column":7}},"54":{"start":{"line":84,"column":8},"end":{"line":84,"column":59}},"55":{"start":{"line":86,"column":6},"end":{"line":88,"column":7}},"56":{"start":{"line":87,"column":8},"end":{"line":87,"column":79}},"57":{"start":{"line":89,"column":6},"end":{"line":89,"column":64}},"58":{"start":{"line":92,"column":4},"end":{"line":101,"column":6}},"59":{"start":{"line":103,"column":4},"end":{"line":105,"column":6}},"60":{"start":{"line":104,"column":6},"end":{"line":104,"column":58}},"61":{"start":{"line":107,"column":4},"end":{"line":109,"column":6}},"62":{"start":{"line":108,"column":6},"end":{"line":108,"column":62}},"63":{"start":{"line":111,"column":4},"end":{"line":142,"column":6}},"64":{"start":{"line":112,"column":6},"end":{"line":112,"column":53}},"65":{"start":{"line":113,"column":6},"end":{"line":123,"column":8}},"66":{"start":{"line":124,"column":6},"end":{"line":124,"column":15}},"67":{"start":{"line":125,"column":6},"end":{"line":125,"column":19}},"68":{"start":{"line":126,"column":6},"end":{"line":140,"column":7}},"69":{"start":{"line":127,"column":8},"end":{"line":127,"column":31}},"70":{"start":{"line":128,"column":8},"end":{"line":139,"column":9}},"71":{"start":{"line":129,"column":10},"end":{"line":129,"column":35}},"72":{"start":{"line":130,"column":10},"end":{"line":132,"column":11}},"73":{"start":{"line":131,"column":12},"end":{"line":131,"column":24}},"74":{"start":{"line":133,"column":10},"end":{"line":135,"column":11}},"75":{"start":{"line":134,"column":12},"end":{"line":134,"column":24}},"76":{"start":{"line":136,"column":10},"end":{"line":136,"column":24}},"77":{"start":{"line":138,"column":10},"end":{"line":138,"column":22}},"78":{"start":{"line":141,"column":6},"end":{"line":141,"column":23}},"79":{"start":{"line":144,"column":4},"end":{"line":144,"column":16}},"80":{"start":{"line":148,"column":2},"end":{"line":148,"column":36}},"81":{"start":{"line":150,"column":2},"end":{"line":153,"column":4}},"82":{"start":{"line":155,"column":2},"end":{"line":191,"column":4}},"83":{"start":{"line":156,"column":4},"end":{"line":156,"column":48}},"84":{"start":{"line":157,"column":4},"end":{"line":163,"column":6}},"85":{"start":{"line":158,"column":6},"end":{"line":162,"column":7}},"86":{"start":{"line":159,"column":8},"end":{"line":159,"column":35}},"87":{"start":{"line":161,"column":8},"end":{"line":161,"column":32}},"88":{"start":{"line":164,"column":4},"end":{"line":190,"column":5}},"89":{"start":{"line":165,"column":6},"end":{"line":174,"column":11}},"90":{"start":{"line":166,"column":8},"end":{"line":166,"column":37}},"91":{"start":{"line":167,"column":8},"end":{"line":167,"column":33}},"92":{"start":{"line":168,"column":8},"end":{"line":168,"column":22}},"93":{"start":{"line":169,"column":8},"end":{"line":172,"column":9}},"94":{"start":{"line":170,"column":10},"end":{"line":170,"column":26}},"95":{"start":{"line":171,"column":10},"end":{"line":171,"column":44}},"96":{"start":{"line":173,"column":8},"end":{"line":173,"column":24}},"97":{"start":{"line":175,"column":11},"end":{"line":190,"column":5}},"98":{"start":{"line":176,"column":6},"end":{"line":176,"column":37}},"99":{"start":{"line":177,"column":6},"end":{"line":179,"column":7}},"100":{"start":{"line":178,"column":8},"end":{"line":178,"column":65}},"101":{"start":{"line":180,"column":6},"end":{"line":187,"column":22}},"102":{"start":{"line":181,"column":8},"end":{"line":181,"column":25}},"103":{"start":{"line":182,"column":8},"end":{"line":182,"column":22}},"104":{"start":{"line":183,"column":8},"end":{"line":185,"column":9}},"105":{"start":{"line":184,"column":10},"end":{"line":184,"column":49}},"106":{"start":{"line":186,"column":8},"end":{"line":186,"column":24}},"107":{"start":{"line":189,"column":6},"end":{"line":189,"column":18}},"108":{"start":{"line":193,"column":2},"end":{"line":342,"column":7}},"109":{"start":{"line":194,"column":4},"end":{"line":213,"column":5}},"110":{"start":{"line":195,"column":6},"end":{"line":195,"column":38}},"111":{"start":{"line":196,"column":6},"end":{"line":205,"column":7}},"112":{"start":{"line":197,"column":8},"end":{"line":197,"column":24}},"113":{"start":{"line":198,"column":8},"end":{"line":200,"column":9}},"114":{"start":{"line":199,"column":10},"end":{"line":199,"column":58}},"115":{"start":{"line":201,"column":13},"end":{"line":205,"column":7}},"116":{"start":{"line":202,"column":8},"end":{"line":202,"column":27}},"117":{"start":{"line":204,"column":8},"end":{"line":204,"column":69}},"118":{"start":{"line":206,"column":6},"end":{"line":206,"column":24}},"119":{"start":{"line":207,"column":6},"end":{"line":212,"column":7}},"120":{"start":{"line":208,"column":8},"end":{"line":208,"column":24}},"121":{"start":{"line":209,"column":8},"end":{"line":211,"column":9}},"122":{"start":{"line":210,"column":10},"end":{"line":210,"column":69}},"123":{"start":{"line":215,"column":4},"end":{"line":217,"column":6}},"124":{"start":{"line":216,"column":6},"end":{"line":216,"column":20}},"125":{"start":{"line":219,"column":4},"end":{"line":270,"column":6}},"126":{"start":{"line":220,"column":6},"end":{"line":220,"column":75}},"127":{"start":{"line":221,"column":6},"end":{"line":230,"column":20}},"128":{"start":{"line":222,"column":8},"end":{"line":222,"column":37}},"129":{"start":{"line":223,"column":8},"end":{"line":223,"column":26}},"130":{"start":{"line":224,"column":8},"end":{"line":224,"column":22}},"131":{"start":{"line":225,"column":8},"end":{"line":228,"column":9}},"132":{"start":{"line":226,"column":10},"end":{"line":226,"column":26}},"133":{"start":{"line":227,"column":10},"end":{"line":227,"column":43}},"134":{"start":{"line":229,"column":8},"end":{"line":229,"column":24}},"135":{"start":{"line":231,"column":6},"end":{"line":231,"column":30}},"136":{"start":{"line":232,"column":6},"end":{"line":234,"column":8}},"137":{"start":{"line":233,"column":8},"end":{"line":233,"column":45}},"138":{"start":{"line":235,"column":6},"end":{"line":235,"column":16}},"139":{"start":{"line":236,"column":6},"end":{"line":264,"column":7}},"140":{"start":{"line":237,"column":8},"end":{"line":237,"column":31}},"141":{"start":{"line":238,"column":8},"end":{"line":263,"column":9}},"142":{"start":{"line":240,"column":12},"end":{"line":244,"column":13}},"143":{"start":{"line":241,"column":14},"end":{"line":241,"column":27}},"144":{"start":{"line":243,"column":14},"end":{"line":243,"column":29}},"145":{"start":{"line":245,"column":12},"end":{"line":245,"column":22}},"146":{"start":{"line":246,"column":12},"end":{"line":246,"column":18}},"147":{"start":{"line":248,"column":12},"end":{"line":252,"column":13}},"148":{"start":{"line":249,"column":14},"end":{"line":249,"column":24}},"149":{"start":{"line":251,"column":14},"end":{"line":251,"column":29}},"150":{"start":{"line":253,"column":12},"end":{"line":253,"column":18}},"151":{"start":{"line":255,"column":12},"end":{"line":259,"column":13}},"152":{"start":{"line":256,"column":14},"end":{"line":256,"column":27}},"153":{"start":{"line":257,"column":14},"end":{"line":257,"column":29}},"154":{"start":{"line":258,"column":14},"end":{"line":258,"column":24}},"155":{"start":{"line":260,"column":12},"end":{"line":260,"column":18}},"156":{"start":{"line":262,"column":12},"end":{"line":262,"column":27}},"157":{"start":{"line":265,"column":6},"end":{"line":268,"column":7}},"158":{"start":{"line":266,"column":8},"end":{"line":266,"column":21}},"159":{"start":{"line":267,"column":8},"end":{"line":267,"column":21}},"160":{"start":{"line":269,"column":6},"end":{"line":269,"column":42}},"161":{"start":{"line":272,"column":4},"end":{"line":282,"column":6}},"162":{"start":{"line":273,"column":6},"end":{"line":273,"column":38}},"163":{"start":{"line":274,"column":6},"end":{"line":274,"column":17}},"164":{"start":{"line":275,"column":6},"end":{"line":275,"column":24}},"165":{"start":{"line":276,"column":6},"end":{"line":280,"column":7}},"166":{"start":{"line":277,"column":8},"end":{"line":277,"column":24}},"167":{"start":{"line":278,"column":8},"end":{"line":278,"column":30}},"168":{"start":{"line":279,"column":8},"end":{"line":279,"column":32}},"169":{"start":{"line":281,"column":6},"end":{"line":281,"column":19}},"170":{"start":{"line":284,"column":4},"end":{"line":296,"column":6}},"171":{"start":{"line":285,"column":6},"end":{"line":285,"column":15}},"172":{"start":{"line":286,"column":6},"end":{"line":295,"column":31}},"173":{"start":{"line":287,"column":8},"end":{"line":287,"column":37}},"174":{"start":{"line":288,"column":8},"end":{"line":288,"column":26}},"175":{"start":{"line":289,"column":8},"end":{"line":289,"column":22}},"176":{"start":{"line":290,"column":8},"end":{"line":293,"column":9}},"177":{"start":{"line":291,"column":10},"end":{"line":291,"column":26}},"178":{"start":{"line":292,"column":10},"end":{"line":292,"column":43}},"179":{"start":{"line":294,"column":8},"end":{"line":294,"column":24}},"180":{"start":{"line":298,"column":4},"end":{"line":307,"column":6}},"181":{"start":{"line":299,"column":6},"end":{"line":299,"column":15}},"182":{"start":{"line":300,"column":6},"end":{"line":302,"column":7}},"183":{"start":{"line":301,"column":8},"end":{"line":301,"column":59}},"184":{"start":{"line":303,"column":6},"end":{"line":305,"column":7}},"185":{"start":{"line":304,"column":8},"end":{"line":304,"column":79}},"186":{"start":{"line":306,"column":6},"end":{"line":306,"column":63}},"187":{"start":{"line":309,"column":4},"end":{"line":321,"column":6}},"188":{"start":{"line":323,"column":4},"end":{"line":325,"column":6}},"189":{"start":{"line":324,"column":6},"end":{"line":324,"column":58}},"190":{"start":{"line":327,"column":4},"end":{"line":329,"column":6}},"191":{"start":{"line":328,"column":6},"end":{"line":328,"column":43}},"192":{"start":{"line":331,"column":4},"end":{"line":338,"column":6}},"193":{"start":{"line":332,"column":6},"end":{"line":332,"column":26}},"194":{"start":{"line":333,"column":6},"end":{"line":335,"column":7}},"195":{"start":{"line":334,"column":8},"end":{"line":334,"column":84}},"196":{"start":{"line":336,"column":6},"end":{"line":336,"column":65}},"197":{"start":{"line":337,"column":6},"end":{"line":337,"column":77}},"198":{"start":{"line":340,"column":4},"end":{"line":340,"column":16}},"199":{"start":{"line":344,"column":2},"end":{"line":344,"column":33}},"200":{"start":{"line":346,"column":2},"end":{"line":349,"column":4}},"201":{"start":{"line":351,"column":2},"end":{"line":392,"column":4}},"202":{"start":{"line":352,"column":4},"end":{"line":352,"column":67}},"203":{"start":{"line":353,"column":4},"end":{"line":355,"column":5}},"204":{"start":{"line":354,"column":6},"end":{"line":354,"column":18}},"205":{"start":{"line":356,"column":4},"end":{"line":356,"column":19}},"206":{"start":{"line":357,"column":4},"end":{"line":357,"column":19}},"207":{"start":{"line":358,"column":4},"end":{"line":360,"column":5}},"208":{"start":{"line":359,"column":6},"end":{"line":359,"column":19}},"209":{"start":{"line":361,"column":4},"end":{"line":363,"column":5}},"210":{"start":{"line":362,"column":6},"end":{"line":362,"column":19}},"211":{"start":{"line":364,"column":4},"end":{"line":366,"column":5}},"212":{"start":{"line":365,"column":6},"end":{"line":365,"column":19}},"213":{"start":{"line":367,"column":4},"end":{"line":369,"column":5}},"214":{"start":{"line":368,"column":6},"end":{"line":368,"column":18}},"215":{"start":{"line":370,"column":4},"end":{"line":370,"column":42}},"216":{"start":{"line":371,"column":4},"end":{"line":371,"column":22}},"217":{"start":{"line":372,"column":4},"end":{"line":374,"column":5}},"218":{"start":{"line":373,"column":6},"end":{"line":373,"column":26}},"219":{"start":{"line":375,"column":4},"end":{"line":375,"column":47}},"220":{"start":{"line":376,"column":4},"end":{"line":378,"column":5}},"221":{"start":{"line":377,"column":6},"end":{"line":377,"column":31}},"222":{"start":{"line":379,"column":4},"end":{"line":381,"column":5}},"223":{"start":{"line":380,"column":6},"end":{"line":380,"column":35}},"224":{"start":{"line":382,"column":4},"end":{"line":391,"column":9}},"225":{"start":{"line":383,"column":6},"end":{"line":383,"column":35}},"226":{"start":{"line":384,"column":6},"end":{"line":384,"column":31}},"227":{"start":{"line":385,"column":6},"end":{"line":385,"column":20}},"228":{"start":{"line":386,"column":6},"end":{"line":389,"column":7}},"229":{"start":{"line":387,"column":8},"end":{"line":387,"column":24}},"230":{"start":{"line":388,"column":8},"end":{"line":388,"column":42}},"231":{"start":{"line":390,"column":6},"end":{"line":390,"column":22}},"232":{"start":{"line":394,"column":2},"end":{"line":414,"column":4}},"233":{"start":{"line":395,"column":4},"end":{"line":395,"column":46}},"234":{"start":{"line":396,"column":4},"end":{"line":412,"column":5}},"235":{"start":{"line":397,"column":6},"end":{"line":397,"column":35}},"236":{"start":{"line":398,"column":11},"end":{"line":412,"column":5}},"237":{"start":{"line":399,"column":6},"end":{"line":399,"column":51}},"238":{"start":{"line":400,"column":6},"end":{"line":411,"column":7}},"239":{"start":{"line":401,"column":8},"end":{"line":401,"column":98}},"240":{"start":{"line":402,"column":8},"end":{"line":407,"column":9}},"241":{"start":{"line":403,"column":10},"end":{"line":403,"column":29}},"242":{"start":{"line":404,"column":10},"end":{"line":406,"column":11}},"243":{"start":{"line":405,"column":12},"end":{"line":405,"column":24}},"244":{"start":{"line":408,"column":8},"end":{"line":408,"column":47}},"245":{"start":{"line":409,"column":8},"end":{"line":409,"column":47}},"246":{"start":{"line":410,"column":8},"end":{"line":410,"column":21}},"247":{"start":{"line":413,"column":4},"end":{"line":413,"column":16}},"248":{"start":{"line":416,"column":2},"end":{"line":418,"column":4}},"249":{"start":{"line":417,"column":4},"end":{"line":417,"column":40}},"250":{"start":{"line":420,"column":2},"end":{"line":429,"column":4}},"251":{"start":{"line":421,"column":4},"end":{"line":421,"column":10}},"252":{"start":{"line":422,"column":4},"end":{"line":428,"column":5}},"253":{"start":{"line":423,"column":6},"end":{"line":423,"column":36}},"254":{"start":{"line":424,"column":6},"end":{"line":424,"column":18}},"255":{"start":{"line":426,"column":6},"end":{"line":426,"column":17}},"256":{"start":{"line":427,"column":6},"end":{"line":427,"column":19}},"257":{"start":{"line":431,"column":2},"end":{"line":437,"column":4}},"258":{"start":{"line":432,"column":4},"end":{"line":436,"column":5}},"259":{"start":{"line":433,"column":6},"end":{"line":433,"column":18}},"260":{"start":{"line":435,"column":6},"end":{"line":435,"column":19}},"261":{"start":{"line":439,"column":2},"end":{"line":451,"column":4}},"262":{"start":{"line":440,"column":4},"end":{"line":440,"column":10}},"263":{"start":{"line":441,"column":4},"end":{"line":443,"column":5}},"264":{"start":{"line":442,"column":6},"end":{"line":442,"column":19}},"265":{"start":{"line":444,"column":4},"end":{"line":450,"column":5}},"266":{"start":{"line":445,"column":6},"end":{"line":445,"column":36}},"267":{"start":{"line":446,"column":6},"end":{"line":446,"column":18}},"268":{"start":{"line":448,"column":6},"end":{"line":448,"column":17}},"269":{"start":{"line":449,"column":6},"end":{"line":449,"column":19}},"270":{"start":{"line":453,"column":2},"end":{"line":460,"column":4}},"271":{"start":{"line":454,"column":4},"end":{"line":454,"column":14}},"272":{"start":{"line":455,"column":4},"end":{"line":455,"column":32}},"273":{"start":{"line":456,"column":4},"end":{"line":458,"column":5}},"274":{"start":{"line":457,"column":6},"end":{"line":457,"column":73}},"275":{"start":{"line":459,"column":4},"end":{"line":459,"column":27}},"276":{"start":{"line":462,"column":2},"end":{"line":471,"column":4}},"277":{"start":{"line":463,"column":4},"end":{"line":463,"column":26}},"278":{"start":{"line":464,"column":4},"end":{"line":469,"column":5}},"279":{"start":{"line":465,"column":6},"end":{"line":465,"column":38}},"280":{"start":{"line":466,"column":6},"end":{"line":468,"column":7}},"281":{"start":{"line":467,"column":8},"end":{"line":467,"column":50}},"282":{"start":{"line":470,"column":4},"end":{"line":470,"column":79}},"283":{"start":{"line":473,"column":2},"end":{"line":482,"column":4}},"284":{"start":{"line":474,"column":4},"end":{"line":474,"column":26}},"285":{"start":{"line":475,"column":4},"end":{"line":480,"column":5}},"286":{"start":{"line":476,"column":6},"end":{"line":476,"column":38}},"287":{"start":{"line":477,"column":6},"end":{"line":479,"column":7}},"288":{"start":{"line":478,"column":8},"end":{"line":478,"column":50}},"289":{"start":{"line":481,"column":4},"end":{"line":481,"column":79}},"290":{"start":{"line":484,"column":2},"end":{"line":486,"column":4}},"291":{"start":{"line":485,"column":4},"end":{"line":485,"column":70}},"292":{"start":{"line":488,"column":2},"end":{"line":496,"column":4}},"293":{"start":{"line":489,"column":4},"end":{"line":495,"column":5}},"294":{"start":{"line":490,"column":6},"end":{"line":490,"column":39}},"295":{"start":{"line":491,"column":11},"end":{"line":495,"column":5}},"296":{"start":{"line":492,"column":6},"end":{"line":492,"column":39}},"297":{"start":{"line":494,"column":6},"end":{"line":494,"column":78}},"298":{"start":{"line":498,"column":2},"end":{"line":511,"column":4}},"299":{"start":{"line":499,"column":4},"end":{"line":499,"column":10}},"300":{"start":{"line":500,"column":4},"end":{"line":510,"column":5}},"301":{"start":{"line":501,"column":6},"end":{"line":501,"column":43}},"302":{"start":{"line":503,"column":6},"end":{"line":503,"column":17}},"303":{"start":{"line":504,"column":6},"end":{"line":509,"column":7}},"304":{"start":{"line":505,"column":8},"end":{"line":505,"column":45}},"3
[...]
"end":{"line":489,"column":4}}]},"61":{"line":491,"type":"if","locations":[{"start":{"line":491,"column":11},"end":{"line":491,"column":11}},{"start":{"line":491,"column":11},"end":{"line":491,"column":11}}]},"62":{"line":516,"type":"if","locations":[{"start":{"line":516,"column":4},"end":{"line":516,"column":4}},{"start":{"line":516,"column":4},"end":{"line":516,"column":4}}]},"63":{"line":518,"type":"if","locations":[{"start":{"line":518,"column":11},"end":{"line":518,"column":11}},{"start":{"line":518,"column":11},"end":{"line":518,"column":11}}]},"64":{"line":528,"type":"if","locations":[{"start":{"line":528,"column":4},"end":{"line":528,"column":4}},{"start":{"line":528,"column":4},"end":{"line":528,"column":4}}]},"65":{"line":528,"type":"binary-expr","locations":[{"start":{"line":528,"column":8},"end":{"line":528,"column":30}},{"start":{"line":528,"column":34},"end":{"line":528,"column":60}}]}},"code":["(function() {","  var expandIPv6, ipaddr, ipv4Part, ipv4Regexes, ipv6Part, ipv6Regexes, matchCIDR, root;","","  ipaddr = {};","","  root = this;","","  if ((typeof module !== \"undefined\" && module !== null) && module.exports) {","    module.exports = ipaddr;","  } else {","    root['ipaddr'] = ipaddr;","  }","","  matchCIDR = function(first, second, partSize, cidrBits) {","    var part, shift;","    if (first.length !== second.length) {","      throw new Error(\"ipaddr: cannot match CIDR for objects with different lengths\");","    }","    part = 0;","    while (cidrBits > 0) {","      shift = partSize - cidrBits;","      if (shift < 0) {","        shift = 0;","      }","      if (first[part] >> shift !== second[part] >> shift) {","        return false;","      }","      cidrBits -= partSize;","      part += 1;","    }","    return true;","  };","","  ipaddr.subnetMatch = function(address, rangeList, defaultName) {","    var rangeName, rangeSubnets, subnet, _i, _len;","    if (defaultName == null) {","      defaultName = 'unicast';","    }","    for (rangeName in rangeList) {","      rangeSubnets = rangeList[rangeName];","      if (rangeSubnets[0] && !(rangeSubnets[0] instanceof Array)) {","        rangeSubnets = [rangeSubnets];","      }","      for (_i = 0, _len = rangeSubnets.length; _i < _len; _i++) {","        subnet = rangeSubnets[_i];","        if (address.match.apply(address, subnet)) {","          return rangeName;","        }","      }","    }","    return defaultName;","  };","","  ipaddr.IPv4 = (function() {","    function IPv4(octets) {","      var octet, _i, _len;","      if (octets.length !== 4) {","        throw new Error(\"ipaddr: ipv4 octet count should be 4\");","      }","      for (_i = 0, _len = octets.length; _i < _len; _i++) {","        octet = octets[_i];","        if (!((0 <= octet && octet <= 255))) {","          throw new Error(\"ipaddr: ipv4 octet should fit in 8 bits\");","        }","      }","      this.octets = octets;","    }","","    IPv4.prototype.kind = function() {","      return 'ipv4';","    };","","    IPv4.prototype.toString = function() {","      return this.octets.join(\".\");","    };","","    IPv4.prototype.toByteArray = function() {","      return this.octets.slice(0);","    };","","    IPv4.prototype.match = function(other, cidrRange) {","      var _ref;","      if (cidrRange === void 0) {","        _ref = other, other = _ref[0], cidrRange = _ref[1];","      }","      if (other.kind() !== 'ipv4') {","        throw new Error(\"ipaddr: cannot match ipv4 address with non-ipv4 one\");","      }","      return matchCIDR(this.octets, other.octets, 8, cidrRange);","    };","","    IPv4.prototype.SpecialRanges = {","      unspecified: [[new IPv4([0, 0, 0, 0]), 8]],","      broadcast: [[new IPv4([255, 255, 255, 255]), 32]],","      multicast: [[new IPv4([224, 0, 0, 0]), 4]],","      linkLocal: [[new IPv4([169, 254, 0, 0]), 16]],","      loopback: [[new IPv4([127, 0, 0, 0]), 8]],","      carrierGradeNat: [[new IPv4([100, 64, 0, 0]), 10]],","      \"private\": [[new IPv4([10, 0, 0, 0]), 8], [new IPv4([172, 16, 0, 0]), 12], [new IPv4([192, 168, 0, 0]), 16]],","      reserved: [[new IPv4([192, 0, 0, 0]), 24], [new IPv4([192, 0, 2, 0]), 24], [new IPv4([192, 88, 99, 0]), 24], [new IPv4([198, 51, 100, 0]), 24], [new IPv4([203, 0, 113, 0]), 24], [new IPv4([240, 0, 0, 0]), 4]]","    };","","    IPv4.prototype.range = function() {","      return ipaddr.subnetMatch(this, this.SpecialRanges);","    };","","    IPv4.prototype.toIPv4MappedAddress = function() {","      return ipaddr.IPv6.parse(\"::ffff:\" + (this.toString()));","    };","","    IPv4.prototype.prefixLengthFromSubnetMask = function() {","      var cidr, i, octet, stop, zeros, zerotable, _i;","      zerotable = {","        0: 8,","        128: 7,","        192: 6,","        224: 5,","        240: 4,","        248: 3,","        252: 2,","        254: 1,","        255: 0","      };","      cidr = 0;","      stop = false;","      for (i = _i = 3; _i >= 0; i = _i += -1) {","        octet = this.octets[i];","        if (octet in zerotable) {","          zeros = zerotable[octet];","          if (stop && zeros !== 0) {","            return null;","          }","          if (zeros !== 8) {","            stop = true;","          }","          cidr += zeros;","        } else {","          return null;","        }","      }","      return 32 - cidr;","    };","","    return IPv4;","","  })();","","  ipv4Part = \"(0?\\\\d+|0x[a-f0-9]+)\";","","  ipv4Regexes = {","    fourOctet: new RegExp(\"^\" + ipv4Part + \"\\\\.\" + ipv4Part + \"\\\\.\" + ipv4Part + \"\\\\.\" + ipv4Part + \"$\", 'i'),","    longValue: new RegExp(\"^\" + ipv4Part + \"$\", 'i')","  };","","  ipaddr.IPv4.parser = function(string) {","    var match, parseIntAuto, part, shift, value;","    parseIntAuto = function(string) {","      if (string[0] === \"0\" && string[1] !== \"x\") {","        return parseInt(string, 8);","      } else {","        return parseInt(string);","      }","    };","    if (match = string.match(ipv4Regexes.fourOctet)) {","      return (function() {","        var _i, _len, _ref, _results;","        _ref = match.slice(1, 6);","        _results = [];","        for (_i = 0, _len = _ref.length; _i < _len; _i++) {","          part = _ref[_i];","          _results.push(parseIntAuto(part));","        }","        return _results;","      })();","    } else if (match = string.match(ipv4Regexes.longValue)) {","      value = parseIntAuto(match[1]);","      if (value > 0xffffffff || value < 0) {","        throw new Error(\"ipaddr: address outside defined range\");","      }","      return ((function() {","        var _i, _results;","        _results = [];","        for (shift = _i = 0; _i <= 24; shift = _i += 8) {","          _results.push((value >> shift) & 0xff);","        }","        return _results;","      })()).reverse();","    } else {","      return null;","    }","  };","","  ipaddr.IPv6 = (function() {","    function IPv6(parts) {","      var i, part, _i, _j, _len, _ref;","      if (parts.length === 16) {","        this.parts = [];","        for (i = _i = 0; _i <= 14; i = _i += 2) {","          this.parts.push((parts[i] << 8) | parts[i + 1]);","        }","      } else if (parts.length === 8) {","        this.parts = parts;","      } else {","        throw new Error(\"ipaddr: ipv6 part count should be 8 or 16\");","      }","      _ref = this.parts;","      for (_j = 0, _len = _ref.length; _j < _len; _j++) {","        part = _ref[_j];","        if (!((0 <= part && part <= 0xffff))) {","          throw new Error(\"ipaddr: ipv6 part should fit in 16 bits\");","        }","      }","    }","","    IPv6.prototype.kind = function() {","      return 'ipv6';","    };","","    IPv6.prototype.toString = function() {","      var compactStringParts, part, pushPart, state, stringParts, _i, _len;","      stringParts = (function() {","        var _i, _len, _ref, _results;","        _ref = this.parts;","        _results = [];","        for (_i = 0, _len = _ref.length; _i < _len; _i++) {","          part = _ref[_i];","          _results.push(part.toString(16));","        }","        return _results;","      }).call(this);","      compactStringParts = [];","      pushPart = function(part) {","        return compactStringParts.push(part);","      };","      state = 0;","      for (_i = 0, _len = stringParts.length; _i < _len; _i++) {","        part = stringParts[_i];","        switch (state) {","          case 0:","            if (part === '0') {","              pushPart('');","            } else {","              pushPart(part);","            }","            state = 1;","            break;","          case 1:","            if (part === '0') {","              state = 2;","            } else {","              pushPart(part);","            }","            break;","          case 2:","            if (part !== '0') {","              pushPart('');","              pushPart(part);","              state = 3;","            }","            break;","          case 3:","            pushPart(part);","        }","      }","      if (state === 2) {","        pushPart('');","        pushPart('');","      }","      return compactStringParts.join(\":\");","    };","","    IPv6.prototype.toByteArray = function() {","      var bytes, part, _i, _len, _ref;","      bytes = [];","      _ref = this.parts;","      for (_i = 0, _len = _ref.length; _i < _len; _i++) {","        part = _ref[_i];","        bytes.push(part >> 8);","        bytes.push(part & 0xff);","      }","      return bytes;","    };","","    IPv6.prototype.toNormalizedString = function() {","      var part;","      return ((function() {","        var _i, _len, _ref, _results;","        _ref = this.parts;","        _results = [];","        for (_i = 0, _len = _ref.length; _i < _len; _i++) {","          part = _ref[_i];","          _results.push(part.toString(16));","        }","        return _results;","      }).call(this)).join(\":\");","    };","","    IPv6.prototype.match = function(other, cidrRange) {","      var _ref;","      if (cidrRange === void 0) {","        _ref = other, other = _ref[0], cidrRange = _ref[1];","      }","      if (other.kind() !== 'ipv6') {","        throw new Error(\"ipaddr: cannot match ipv6 address with non-ipv6 one\");","      }","      return matchCIDR(this.parts, other.parts, 16, cidrRange);","    };","","    IPv6.prototype.SpecialRanges = {","      unspecified: [new IPv6([0, 0, 0, 0, 0, 0, 0, 0]), 128],","      linkLocal: [new IPv6([0xfe80, 0, 0, 0, 0, 0, 0, 0]), 10],","      multicast: [new IPv6([0xff00, 0, 0, 0, 0, 0, 0, 0]), 8],","      loopback: [new IPv6([0, 0, 0, 0, 0, 0, 0, 1]), 128],","      uniqueLocal: [new IPv6([0xfc00, 0, 0, 0, 0, 0, 0, 0]), 7],","      ipv4Mapped: [new IPv6([0, 0, 0, 0, 0, 0xffff, 0, 0]), 96],","      rfc6145: [new IPv6([0, 0, 0, 0, 0xffff, 0, 0, 0]), 96],","      rfc6052: [new IPv6([0x64, 0xff9b, 0, 0, 0, 0, 0, 0]), 96],","      '6to4': [new IPv6([0x2002, 0, 0, 0, 0, 0, 0, 0]), 16],","      teredo: [new IPv6([0x2001, 0, 0, 0, 0, 0, 0, 0]), 32],","      reserved: [[new IPv6([0x2001, 0xdb8, 0, 0, 0, 0, 0, 0]), 32]]","    };","","    IPv6.prototype.range = function() {","      return ipaddr.subnetMatch(this, this.SpecialRanges);","    };","","    IPv6.prototype.isIPv4MappedAddress = function() {","      return this.range() === 'ipv4Mapped';","    };","","    IPv6.prototype.toIPv4Address = function() {","      var high, low, _ref;","      if (!this.isIPv4MappedAddress()) {","        throw new Error(\"ipaddr: trying to convert a generic ipv6 address to ipv4\");","      }","      _ref = this.parts.slice(-2), high = _ref[0], low = _ref[1];","      return new ipaddr.IPv4([high >> 8, high & 0xff, low >> 8, low & 0xff]);","    };","","    return IPv6;","","  })();","","  ipv6Part = \"(?:[0-9a-f]+::?)+\";","","  ipv6Regexes = {","    \"native\": new RegExp(\"^(::)?(\" + ipv6Part + \")?([0-9a-f]+)?(::)?$\", 'i'),","    transitional: new RegExp((\"^((?:\" + ipv6Part + \")|(?:::)(?:\" + ipv6Part + \")?)\") + (\"\" + ipv4Part + \"\\\\.\" + ipv4Part + \"\\\\.\" + ipv4Part + \"\\\\.\" + ipv4Part + \"$\"), 'i')","  };","","  expandIPv6 = function(string, parts) {","    var colonCount, lastColon, part, replacement, replacementCount;","    if (string.indexOf('::') !== string.lastIndexOf('::')) {","      return null;","    }","    colonCount = 0;","    lastColon = -1;","    while ((lastColon = string.indexOf(':', lastColon + 1)) >= 0) {","      colonCount++;","    }","    if (string.substr(0, 2) === '::') {","      colonCount--;","    }","    if (string.substr(-2, 2) === '::') {","      colonCount--;","    }","    if (colonCount > parts) {","      return null;","    }","    replacementCount = parts - colonCount;","    replacement = ':';","    while (replacementCount--) {","      replacement += '0:';","    }","    string = string.replace('::', replacement);","    if (string[0] === ':') {","      string = string.slice(1);","    }","    if (string[string.length - 1] === ':') {","      string = string.slice(0, -1);","    }","    return (function() {","      var _i, _len, _ref, _results;","      _ref = string.split(\":\");","      _results = [];","      for (_i = 0, _len = _ref.length; _i < _len; _i++) {","        part = _ref[_i];","        _results.push(parseInt(part, 16));","      }","      return _results;","    })();","  };","","  ipaddr.IPv6.parser = function(string) {","    var match, octet, octets, parts, _i, _len;","    if (string.match(ipv6Regexes['native'])) {","      return expandIPv6(string, 8);","    } else if (match = string.match(ipv6Regexes['transitional'])) {","      parts = expandIPv6(match[1].slice(0, -1), 6);","      if (parts) {","        octets = [parseInt(match[2]), parseInt(match[3]), parseInt(match[4]), parseInt(match[5])];","        for (_i = 0, _len = octets.length; _i < _len; _i++) {","          octet = octets[_i];","          if (!((0 <= octet && octet <= 255))) {","            return null;","          }","        }","        parts.push(octets[0] << 8 | octets[1]);","        parts.push(octets[2] << 8 | octets[3]);","        return parts;","      }","    }","    return null;","  };","","  ipaddr.IPv4.isIPv4 = ipaddr.IPv6.isIPv6 = function(string) {","    return this.parser(string) !== null;","  };","","  ipaddr.IPv4.isValid = function(string) {","    var e;","    try {","      new this(this.parser(string));","      return true;","    } catch (_error) {","      e = _error;","      return false;","    }","  };","","  ipaddr.IPv4.isValidFourPartDecimal = function(string) {","    if (ipaddr.IPv4.isValid(string) && string.match(/^\\d+(\\.\\d+){3}$/)) {","      return true;","    } else {","      return false;","    }","  };","","  ipaddr.IPv6.isValid = function(string) {","    var e;","    if (typeof string === \"string\" && string.indexOf(\":\") === -1) {","      return false;","    }","    try {","      new this(this.parser(string));","      return true;","    } catch (_error) {","      e = _error;","      return false;","    }","  };","","  ipaddr.IPv4.parse = ipaddr.IPv6.parse = function(string) {","    var parts;","    parts = this.parser(string);","    if (parts === null) {","      throw new Error(\"ipaddr: string is not formatted like ip address\");","    }","    return new this(parts);","  };","","  ipaddr.IPv4.parseCIDR = function(string) {","    var maskLength, match;","    if (match = string.match(/^(.+)\\/(\\d+)$/)) {","      maskLength = parseInt(match[2]);","      if (maskLength >= 0 && maskLength <= 32) {","        return [this.parse(match[1]), maskLength];","      }","    }","    throw new Error(\"ipaddr: string is not formatted like an IPv4 CIDR range\");","  };","","  ipaddr.IPv6.parseCIDR = function(string) {","    var maskLength, match;","    if (match = string.match(/^(.+)\\/(\\d+)$/)) {","      maskLength = parseInt(match[2]);","      if (maskLength >= 0 && maskLength <= 128) {","        return [this.parse(match[1]), maskLength];","      }","    }","    throw new Error(\"ipaddr: string is not formatted like an IPv6 CIDR range\");","  };","","  ipaddr.isValid = function(string) {","    return ipaddr.IPv6.isValid(string) || ipaddr.IPv4.isValid(string);","  };","","  ipaddr.parse = function(string) {","    if (ipaddr.IPv6.isValid(string)) {","      return ipaddr.IPv6.parse(string);","    } else if (ipaddr.IPv4.isValid(string)) {","      return ipaddr.IPv4.parse(string);","    } else {","      throw new Error(\"ipaddr: the address has neither IPv6 nor IPv4 format\");","    }","  };","","  ipaddr.parseCIDR = function(string) {","    var e;","    try {","      return ipaddr.IPv6.parseCIDR(string);","    } catch (_error) {","      e = _error;","      try {","        return ipaddr.IPv4.parseCIDR(string);","      } catch (_error) {","        e = _error;","        throw new Error(\"ipaddr: the address has neither IPv6 nor IPv4 CIDR format\");","      }","    }","  };","","  ipaddr.fromByteArray = function(bytes) {","    var length;","    length = bytes.length;","    if (length === 4) {","      return new ipaddr.IPv4(bytes);","    } else if (length === 16) {","      return new ipaddr.IPv6(bytes);","    } else {","      throw new Error(\"ipaddr: the binary input is neither an IPv6 nor IPv4 address\");","    }","  };","","  ipaddr.process = function(string) {","    var addr;","    addr = this.parse(string);","    if (addr.kind() === 'ipv6' && addr.isIPv4MappedAddress()) {","      return addr.toIPv4Address();","    } else {","      return addr;","    }","  };","","}).call(this);",""],"l":{"1":1,"2":1,"4":1,"6":1,"8":1,"9":1,"11":0,"14":1,"15":0,"16":0,"17":0,"19":0,"20":0,"21":0,"22":0,"23":0,"25":0,"26":0,"28":0,"29":0,"31":0,"34":1,"35":0,"36":0,"37":0,"39":0,"40":0,"41":0,"42":0,"44":0,"45":0,"46":0,"47":0,"51":0,"54":1,"55":1,"56":15,"57":15,"58":0,"60":15,"61":60,"62":60,"63":0,"66":15,"69":1,"70":0,"73":1,"74":0,"77":1,"78":0,"81":1,"82":0,"83":0,"84":0,"86":0,"87":0,"89":0,"92":1,"103":1,"104":0,"107":1,"108":0,"111":1,"112":0,"113":0,"124":0,"125":0,"126":0,"127":0,"128":0,"129":0,"130":0,"131":0,"133":0,"134":0,"136":0,"138":0,"141":0,"144":1,"148":1,"150":1,"155":1,"156":0,"157":0,"158":0,"159":0,"161":0,"164":0,"165":0,"166":0,"167":0,"168":0,"169":0,"170":0,"171":0,"173":0,"175":0,"176":0,"177":0,"178":0,"180":0,"181":0,"182":0,"183":0,"184":0,"186":0,"189":0,"193":1,"194":1,"195":11,"196":11,"197":0,"198":0,"199":0,"201":11,"202":11,"204":0,"206":11,"207":11,"208":88,"209":88,"210":0,"215":1,"216":0,"219":1,"220":0,"221":0,"222":0,"223":0,"224":0,"225":0,"226":0,"227":0,"229":0,"231":0,"232":0,"233":0,"235":0,"236":0,"237":0,"238":0,"240":0,"241":0,"243":0,"245":0,"246":0,"248":0,"249":0,"251":0,"253":0,"255":0,"256":0,"257":0,"258":0,"260":0,"262":0,"265":0,"266":0,"267":0,"269":0,"272":1,"273":0,"274":0,"275":0,"276":0,"277":0,"278":0,"279":0,"281":0,"284":1,"285":0,"286":0,"287":0,"288":0,"289":0,"290":0,"291":0,"292":0,"294":0,"298":1,"299":0,"300":0,"301":0,"303":0,"304":0,"306":0,"309":1,"323":1,"324":0,"327":1,"328":0,"331":1,"332":0,"333":0,"334":0,"336":0,"337":0,"340":1,"344":1,"346":1,"351":1,"352":0,"353":0,"354":0,"356":0,"357":0,"358":0,"359":0,"361":0,"362":0,"364":0,"365":0,"367":0,"368":0,"370":0,"371":0,"372":0,"373":0,"375":0,"376":0,"377":0,"379":0,"380":0,"382":0,"383":0,"384":0,"385":0,"386":0,"387":0,"388":0,"390":0,"394":1,"395":0,"396":0,"397":0,"398":0,"399":0,"400":0,"401":0,"402":0,"403":0,"404":0,"405":0,"408":0,"409":0,"410":0,"413":0,"416":1,"417":0,"420":1,"421":0,"422":0,"423":0,"424":0,"426":0,"427":0,"431":1,"432":0,"433":0,"435":0,"439":1,"440":0,"441":0,"442":0,"444":0,"445":0,"446":0,"448":0,"449":0,"453":1,"454":0,"455":0,"456":0,"457":0,"459":0,"462":1,"463":0,"464":0,"465":0,"466":0,"467":0,"470":0,"473":1,"474":0,"475":0,"476":0,"477":0,"478":0,"481":0,"484":1,"485":0,"488":1,"489":0,"490":0,"491":0,"492":0,"494":0,"498":1,"499":0,"500":0,"501":0,"503":0,"504":0,"505":0,"507":0,"508":0,"513":1,"514":0,"515":0,"516":0,"517":0,"518":0,"519":0,"521":0,"525":1,"526":0,"527":0,"528":0,"529":0,"531":0}}}